==================== 2026-02-16T16:35:53.722239Z | 7e7be692-86f7-45da-991f-4b76ce975994 ====================
16:35:53.722276 [info ]: Starting dbt LSP server
16:35:53.722295 [info ]: Connecting to LSP client on port 40327
16:35:53.722464 [info ]: Successfully connected to LSP client
16:35:53.722471 [info ]: Creating LSP service...
16:35:53.772052 [info ]: Creating LSP server...
16:35:53.772083 [info ]: Starting LSP server...
16:35:54.356677 [info ]: Started loading project
16:35:54.356777 [info ]: Finished loading project [  0.00s]
==================== 2026-02-16T16:38:56.697859Z | fc836915-70e6-40ff-8812-2df6f51e7a78 ====================
16:38:56.697904 [info ]: Starting dbt LSP server
16:38:56.697929 [info ]: Connecting to LSP client on port 34633
16:38:56.698123 [info ]: Successfully connected to LSP client
16:38:56.698133 [info ]: Creating LSP service...
16:38:56.780816 [info ]: Creating LSP server...
16:38:56.780850 [info ]: Starting LSP server...
16:38:57.265934 [info ]: Started loading project
16:38:57.266040 [info ]: Finished loading project [  0.00s]
==================== 2026-02-16T16:44:51.111973Z | 9e024a16-d249-4f62-b0f1-8e163ad0762f ====================
16:44:51.112009 [info ]: Starting dbt LSP server
16:44:51.112025 [info ]: Connecting to LSP client on port 60565
16:44:51.112190 [info ]: Successfully connected to LSP client
16:44:51.112198 [info ]: Creating LSP service...
16:44:51.160925 [info ]: Creating LSP server...
16:44:51.160948 [info ]: Starting LSP server...
16:44:51.323355 [info ]: Started loading project
16:44:51.323445 [info ]: Finished loading project [  0.00s]
==================== 2026-02-16T16:49:59.696281Z | fa8abd61-4878-4edf-ba01-a97436e910b0 ====================
16:49:59.696323 [info ]: Starting dbt LSP server
16:49:59.696347 [info ]: Connecting to LSP client on port 49197
16:49:59.696523 [info ]: Successfully connected to LSP client
16:49:59.696531 [info ]: Creating LSP service...
16:49:59.744560 [info ]: Creating LSP server...
16:49:59.744579 [info ]: Starting LSP server...
16:49:59.910084 [info ]: Started loading project
16:49:59.910176 [info ]: Finished loading project [  0.00s]
==================== 2026-02-16T16:52:51.264462Z | a47c1552-4482-4c9b-b9d6-01f6917442b2 ====================
16:52:51.264503 [info ]: Starting dbt LSP server
16:52:51.264525 [info ]: Connecting to LSP client on port 48911
16:52:51.264675 [info ]: Successfully connected to LSP client
16:52:51.264684 [info ]: Creating LSP service...
16:52:51.313246 [info ]: Creating LSP server...
16:52:51.313269 [info ]: Starting LSP server...
16:52:51.533436 [info ]: Started loading project
16:52:51.533528 [info ]: Finished loading project [  0.00s]
==================== 2026-02-16T16:58:24.123229Z | 5b2b0267-7c55-4d84-8aea-627a97bcebb0 ====================
16:58:24.123274 [info ]: Starting dbt LSP server
16:58:24.123295 [info ]: Connecting to LSP client on port 45031
16:58:24.123452 [info ]: Successfully connected to LSP client
16:58:24.123459 [info ]: Creating LSP service...
16:58:24.172273 [info ]: Creating LSP server...
16:58:24.172297 [info ]: Starting LSP server...
16:58:24.446586 [info ]: Started loading project
16:58:24.446670 [info ]: Finished loading project [  0.00s]
==================== 2026-02-16T16:59:11.036077Z | 63ef0473-7500-41d2-974d-c778ab6754c2 ====================
16:59:11.036122 [info ]: Starting dbt LSP server
16:59:11.036146 [info ]: Connecting to LSP client on port 41705
16:59:11.036298 [info ]: Successfully connected to LSP client
16:59:11.036306 [info ]: Creating LSP service...
16:59:11.086003 [info ]: Creating LSP server...
16:59:11.086027 [info ]: Starting LSP server...
16:59:11.279368 [info ]: Started loading project
16:59:11.279464 [info ]: Finished loading project [  0.00s]
==================== 2026-02-16T17:00:16.889482Z | 4a83ec71-584d-4911-a870-b2aa0853be76 ====================
17:00:16.889546 [info ]: Starting dbt LSP server
17:00:16.889572 [info ]: Connecting to LSP client on port 39255
17:00:16.889747 [info ]: Successfully connected to LSP client
17:00:16.889759 [info ]: Creating LSP service...
17:00:16.977436 [info ]: Creating LSP server...
17:00:16.977468 [info ]: Starting LSP server...
17:00:17.145931 [info ]: Started loading project
17:00:17.146040 [info ]: Finished loading project [  0.00s]
==================== 2026-02-16T17:10:13.459890Z | 5d22a4f5-7e59-43f8-a5ed-0c1ac0bf31f7 ====================
17:10:13.459930 [info ]: Starting dbt LSP server
17:10:13.459947 [info ]: Connecting to LSP client on port 50959
17:10:13.460102 [info ]: Successfully connected to LSP client
17:10:13.460110 [info ]: Creating LSP service...
17:10:13.508732 [info ]: Creating LSP server...
17:10:13.508758 [info ]: Starting LSP server...
17:10:13.796583 [info ]: Started loading project
17:10:13.796670 [info ]: Finished loading project [  0.00s]
==================== 2026-02-16T17:20:17.075472Z | cfe95bff-3034-4d15-9c79-0ec45cb20be0 ====================
17:20:17.075518 [info ]: Starting dbt LSP server
17:20:17.075535 [info ]: Connecting to LSP client on port 51035
17:20:17.075697 [info ]: Successfully connected to LSP client
17:20:17.075705 [info ]: Creating LSP service...
17:20:17.124804 [info ]: Creating LSP server...
17:20:17.124830 [info ]: Starting LSP server...
17:20:17.390050 [info ]: Started loading project
17:20:17.390157 [info ]: Finished loading project [  0.00s]
==================== 2026-02-16T17:24:49.166394Z | cecd1a6a-4155-4033-a640-d0d1b59f8d5d ====================
17:24:49.166442 [info ]: Starting dbt LSP server
17:24:49.166465 [info ]: Connecting to LSP client on port 40947
17:24:49.166625 [info ]: Successfully connected to LSP client
17:24:49.166632 [info ]: Creating LSP service...
17:24:49.215178 [info ]: Creating LSP server...
17:24:49.215202 [info ]: Starting LSP server...
17:24:49.817497 [info ]: Started loading project
17:24:49.817593 [info ]: Finished loading project [  0.00s]
==================== 2026-02-16T17:29:52.935771Z | d020b067-7cea-4672-94cb-396a2a7bcac7 ====================
17:29:52.935832 [info ]: Starting dbt LSP server
17:29:52.935855 [info ]: Connecting to LSP client on port 49137
17:29:52.936031 [info ]: Successfully connected to LSP client
17:29:52.936041 [info ]: Creating LSP service...
17:29:52.984429 [info ]: Creating LSP server...
17:29:52.984453 [info ]: Starting LSP server...
17:29:53.876613 [info ]: Started loading project
17:29:53.876714 [info ]: Finished loading project [  0.00s]
==================== 2026-02-16T17:31:28.880203Z | f5b56c1b-6a79-4b8a-b8de-4088e88b7417 ====================
17:31:28.880254 [info ]: Starting dbt LSP server
17:31:28.880274 [info ]: Connecting to LSP client on port 43559
17:31:28.880439 [info ]: Successfully connected to LSP client
17:31:28.880448 [info ]: Creating LSP service...
17:31:28.932491 [info ]: Creating LSP server...
17:31:28.932517 [info ]: Starting LSP server...
17:31:29.626596 [info ]: Started loading project
17:31:29.626702 [info ]: Finished loading project [  0.00s]
