
Pipeline: nyc_taxi (..)
  No issues found

✓ Successfully validated 4 assets across 1 pipeline, all good.

Interval: 2022-01-01T00:00:00Z - 2022-02-01T00:00:00Z

Starting the pipeline execution...

[19:27:50] Running:  ingestion.trips
[19:27:50] Running:  ingestion.payment_lookup
[19:27:51] [ingestion.trips] >> Installed 1 package in 21ms
[19:27:51] [ingestion.trips] >> Loading https://d37ci6vzurychx.cloudfront.net/trip-data/yellow_tripdata_2022-01.parquet
[19:27:52] [ingestion.payment_lookup] >> 2026-02-28 19:27:52,642|[WARNING]|71600|126546827704128|dlt|reference.py|__init__:76|When initializing destination factory of type dlt.destinations.duckdb, argument dest_table is not a valid field in DuckDbClientConfiguration or destination capabilities
[19:27:52] [ingestion.payment_lookup] >> 2026-02-28 19:27:52,643|[WARNING]|71600|126546827704128|dlt|reference.py|__init__:76|When initializing destination factory of type dlt.destinations.duckdb, argument staging_bucket is not a valid field in DuckDbClientConfiguration or destination capabilities
[19:27:52] [ingestion.payment_lookup] >> 
[19:27:52] [ingestion.payment_lookup] >> Initiated the pipeline with the following:
[19:27:52] [ingestion.payment_lookup] >>   Source: csv / seed.raw
[19:27:52] [ingestion.payment_lookup] >>   Destination: duckdb / ingestion.payment_lookup
[19:27:52] [ingestion.payment_lookup] >>   Incremental Strategy: replace
[19:27:52] [ingestion.payment_lookup] >>   Incremental Key: None
[19:27:52] [ingestion.payment_lookup] >>   Primary Key: ['payment_type_id']
[19:27:52] [ingestion.payment_lookup] >>   Pipeline ID: 60911f862bb3aa6c321ed19700e7b396fbf4c7d5cf89203ff59af8406408a265
[19:27:52] [ingestion.payment_lookup] >> 
[19:27:52] [ingestion.payment_lookup] >> 
[19:27:52] [ingestion.payment_lookup] >> Starting the ingestion...
[19:27:52] [ingestion.payment_lookup] >> --- Extract _60911f862bb3aa6c321ed19700e7tsjyxa4c7d5cf89203ff59af8406408a265 ---
[19:27:52] [ingestion.payment_lookup] >> Resources: 0/1 (0.0%) | Time: 0.00s | Rate: 0.00/s
[19:27:52] [ingestion.payment_lookup] >> Memory usage: 227.13 MB (5.20%) | CPU usage: 0.00%
[19:27:52] [ingestion.payment_lookup] >> 
[19:27:52] [ingestion.payment_lookup] >> --- Extract _60911f862bb3aa6c321ed19700e7tsjyxa4c7d5cf89203ff59af8406408a265 ---
[19:27:52] [ingestion.payment_lookup] >> Resources: 0/1 (0.0%) | Time: 0.00s | Rate: 0.00/s
[19:27:52] [ingestion.payment_lookup] >> payment_lookup: 7  | Time: 0.00s | Rate: 1223338.67/s
[19:27:52] [ingestion.payment_lookup] >> Memory usage: 227.13 MB (5.20%) | CPU usage: 0.00%
[19:27:52] [ingestion.payment_lookup] >> 
[19:27:52] [ingestion.payment_lookup] >> --- Extract _60911f862bb3aa6c321ed19700e7tsjyxa4c7d5cf89203ff59af8406408a265 ---
[19:27:52] [ingestion.payment_lookup] >> Resources: 1/1 (100.0%) | Time: 0.02s | Rate: 57.86/s
[19:27:52] [ingestion.payment_lookup] >> payment_lookup: 7  | Time: 0.01s | Rate: 558.71/s
[19:27:52] [ingestion.payment_lookup] >> Memory usage: 227.13 MB (5.20%) | CPU usage: 0.00%
[19:27:52] [ingestion.payment_lookup] >> 
[19:27:52] [ingestion.payment_lookup] >>  Normalize _60911f862bb3aa6c321ed19700e7tsjyxa4c7d5cf89203ff59af8406408a265 in 1772328472.7975836 
[19:27:52] [ingestion.payment_lookup] >> Files: 0/1 (0.0%) | Time: 0.00s | Rate: 0.00/s
[19:27:52] [ingestion.payment_lookup] >> Memory usage: 227.51 MB (5.20%) | CPU usage: 0.00%
[19:27:52] [ingestion.payment_lookup] >> 
[19:27:52] [ingestion.payment_lookup] >>  Normalize _60911f862bb3aa6c321ed19700e7tsjyxa4c7d5cf89203ff59af8406408a265 in 1772328472.7975836 
[19:27:52] [ingestion.payment_lookup] >> Files: 0/1 (0.0%) | Time: 0.00s | Rate: 0.00/s
[19:27:52] [ingestion.payment_lookup] >> Items: 0  | Time: 0.00s | Rate: 0.00/s
[19:27:52] [ingestion.payment_lookup] >> Memory usage: 227.51 MB (5.20%) | CPU usage: 0.00%
[19:27:52] [ingestion.payment_lookup] >> 
[19:27:52] [ingestion.payment_lookup] >>  Normalize _60911f862bb3aa6c321ed19700e7tsjyxa4c7d5cf89203ff59af8406408a265 in 1772328472.7975836 
[19:27:52] [ingestion.payment_lookup] >> Files: 1/1 (100.0%) | Time: 0.01s | Rate: 84.16/s
[19:27:52] [ingestion.payment_lookup] >> Items: 7  | Time: 0.01s | Rate: 601.48/s
[19:27:52] [ingestion.payment_lookup] >> Memory usage: 230.51 MB (5.20%) | CPU usage: 0.00%
[19:27:52] [ingestion.payment_lookup] >> 
[19:27:52] [ingestion.payment_lookup] >>  Load _60911f862bb3aa6c321ed19700e7tsjyxa4c7d5cf89203ff59af8406408a265 in 1772328472.7975836 
[19:27:52] [ingestion.payment_lookup] >> Jobs: 0/1 (0.0%) | Time: 0.00s | Rate: 0.00/s
[19:27:52] [ingestion.payment_lookup] >> Memory usage: 230.63 MB (5.20%) | CPU usage: 0.00%
[19:27:52] [ingestion.payment_lookup] >> 
[19:27:53] [ingestion.payment_lookup] >>  Load _60911f862bb3aa6c321ed19700e7tsjyxa4c7d5cf89203ff59af8406408a265 in 1772328472.7975836 
[19:27:53] [ingestion.payment_lookup] >> Jobs: 1/1 (100.0%) | Time: 0.37s | Rate: 2.68/s
[19:27:53] [ingestion.payment_lookup] >> Memory usage: 237.69 MB (5.30%) | CPU usage: 0.00%
[19:27:53] [ingestion.payment_lookup] >> 
[19:27:53] [ingestion.payment_lookup] >> Successfully finished loading data from 'csv' to 'duckdb' in 0.59 seconds 
[19:27:53] [ingestion.payment_lookup] >> 
[19:27:56] Finished: ingestion.payment_lookup (5.648s)
[19:27:56] Running:  ingestion.payment_lookup:payment_type_name:not_null
[19:27:56] Running:  ingestion.payment_lookup:payment_type_id:not_null
[19:27:56] Running:  ingestion.payment_lookup:payment_type_id:unique
[19:27:56] Finished: ingestion.payment_lookup:payment_type_name:not_null (22ms)
[19:27:56] Finished: ingestion.payment_lookup:payment_type_id:not_null (45ms)
[19:27:56] Finished: ingestion.payment_lookup:payment_type_id:unique (67ms)
[19:28:01] [ingestion.trips] >> Loading https://d37ci6vzurychx.cloudfront.net/trip-data/yellow_tripdata_2022-02.parquet
[19:28:13] [ingestion.trips] Successfully collected the data from the asset, uploading to the destination...
[19:28:14] [ingestion.trips] >> 2026-02-28 19:28:14,446|[WARNING]|71759|126006670010176|dlt|reference.py|__init__:76|When initializing destination factory of type dlt.destinations.duckdb, argument dest_table is not a valid field in DuckDbClientConfiguration or destination capabilities
[19:28:14] [ingestion.trips] >> 2026-02-28 19:28:14,446|[WARNING]|71759|126006670010176|dlt|reference.py|__init__:76|When initializing destination factory of type dlt.destinations.duckdb, argument staging_bucket is not a valid field in DuckDbClientConfiguration or destination capabilities
[19:28:14] [ingestion.trips] >> 
[19:28:14] [ingestion.trips] >> Initiated the pipeline with the following:
[19:28:14] [ingestion.trips] >>   Source: mmap / asset_data
[19:28:14] [ingestion.trips] >>   Destination: duckdb / ingestion.trips
[19:28:14] [ingestion.trips] >>   Incremental Strategy: append
[19:28:14] [ingestion.trips] >>   Incremental Key: None
[19:28:14] [ingestion.trips] >>   Primary Key: None
[19:28:14] [ingestion.trips] >>   Pipeline ID: 1c640cda117b412bfd31f8d0ccfbc1825fdd42b287add7c24115163f8e9aced4
[19:28:14] [ingestion.trips] >> 
[19:28:14] [ingestion.trips] >> 
[19:28:14] [ingestion.trips] >> Starting the ingestion...
[19:28:18] [ingestion.trips] >> --- Extract _1c640cda117b412bfd31f8d0ccfbdalikqd42b287add7c24115163f8e9aced4 ---
[19:28:18] [ingestion.trips] >> Resources: 0/1 (0.0%) | Time: 0.00s | Rate: 0.00/s
[19:28:18] [ingestion.trips] >> Memory usage: 227.18 MB (4.90%) | CPU usage: 0.00%
[19:28:18] [ingestion.trips] >> 
[19:28:18] [ingestion.trips] >> --- Extract _1c640cda117b412bfd31f8d0ccfbdalikqd42b287add7c24115163f8e9aced4 ---
[19:28:18] [ingestion.trips] >> Resources: 0/1 (0.0%) | Time: 2.09s | Rate: 0.00/s
[19:28:18] [ingestion.trips] >> trips: 5443362  | Time: 0.00s | Rate: 736487580969.29/s
[19:28:18] [ingestion.trips] >> Memory usage: 1154.00 MB (5.50%) | CPU usage: 0.00%
[19:28:18] [ingestion.trips] >> 
[19:28:18] [ingestion.trips] >> --- Extract _1c640cda117b412bfd31f8d0ccfbdalikqd42b287add7c24115163f8e9aced4 ---
[19:28:18] [ingestion.trips] >> Resources: 1/1 (100.0%) | Time: 2.10s | Rate: 0.48/s
[19:28:18] [ingestion.trips] >> trips: 5443362  | Time: 0.01s | Rate: 378525018.40/s
[19:28:18] [ingestion.trips] >> Memory usage: 1070.95 MB (5.10%) | CPU usage: 0.00%
[19:28:18] [ingestion.trips] >> 
[19:28:18] [ingestion.trips] >>  Normalize _1c640cda117b412bfd31f8d0ccfbdalikqd42b287add7c24115163f8e9aced4 in 1772328494.6543834 
[19:28:18] [ingestion.trips] >> Files: 0/1 (0.0%) | Time: 0.00s | Rate: 0.00/s
[19:28:18] [ingestion.trips] >> Memory usage: 1071.57 MB (5.10%) | CPU usage: 0.00%
[19:28:18] [ingestion.trips] >> 
[19:28:18] [ingestion.trips] >>  Normalize _1c640cda117b412bfd31f8d0ccfbdalikqd42b287add7c24115163f8e9aced4 in 1772328494.6543834 
[19:28:18] [ingestion.trips] >> Files: 0/1 (0.0%) | Time: 0.00s | Rate: 0.00/s
[19:28:18] [ingestion.trips] >> Items: 0  | Time: 0.00s | Rate: 0.00/s
[19:28:18] [ingestion.trips] >> Memory usage: 1071.70 MB (5.10%) | CPU usage: 0.00%
[19:28:18] [ingestion.trips] >> 
[19:28:18] [ingestion.trips] >>  Normalize _1c640cda117b412bfd31f8d0ccfbdalikqd42b287add7c24115163f8e9aced4 in 1772328494.6543834 
[19:28:18] [ingestion.trips] >> Files: 1/1 (100.0%) | Time: 0.01s | Rate: 121.85/s
[19:28:18] [ingestion.trips] >> Items: 5443362  | Time: 0.01s | Rate: 682422136.84/s
[19:28:18] [ingestion.trips] >> Memory usage: 1072.20 MB (5.10%) | CPU usage: 0.00%
[19:28:18] [ingestion.trips] >> 
[19:28:18] [ingestion.trips] >>  Load _1c640cda117b412bfd31f8d0ccfbdalikqd42b287add7c24115163f8e9aced4 in 1772328494.6543834 
[19:28:18] [ingestion.trips] >> Jobs: 0/1 (0.0%) | Time: 0.00s | Rate: 0.00/s
[19:28:18] [ingestion.trips] >> Memory usage: 1072.57 MB (5.10%) | CPU usage: 0.00%
[19:28:18] [ingestion.trips] >> 
[19:28:18] [ingestion.trips] >>  Load _1c640cda117b412bfd31f8d0ccfbdalikqd42b287add7c24115163f8e9aced4 in 1772328494.6543834 
[19:28:18] [ingestion.trips] >> Jobs: 0/1 (0.0%) | Time: 1.23s | Rate: 0.00/s
[19:28:18] [ingestion.trips] >> Memory usage: 1440.84 MB (6.50%) | CPU usage: 0.00%
[19:28:18] [ingestion.trips] >> 
[19:28:18] [ingestion.trips] >>  Load _1c640cda117b412bfd31f8d0ccfbdalikqd42b287add7c24115163f8e9aced4 in 1772328494.6543834 
[19:28:18] [ingestion.trips] >> Jobs: 1/1 (100.0%) | Time: 1.51s | Rate: 0.66/s
[19:28:18] [ingestion.trips] >> Memory usage: 1080.57 MB (5.20%) | CPU usage: 0.00%
[19:28:18] [ingestion.trips] >> 
[19:28:18] [ingestion.trips] >> Successfully finished loading data from 'mmap' to 'duckdb' in 3.85 seconds 
[19:28:18] [ingestion.trips] >> 
[19:28:19] [ingestion.trips] Successfully loaded the data from the asset into the destination.
[19:28:19] Finished: ingestion.trips (26.579s)
[19:28:19] Running:  staging.trips
[19:28:19] Failed: staging.trips (60ms)

==================================================

PASS ingestion.payment_lookup ...
PASS ingestion.trips 
FAIL staging.trips UU
UPSTREAM FAILED reports.trips_report U


bruin run completed with failures in 26.64s

 ✗ Assets executed      1 failed / 2 succeeded / 1 skipped
 ✗ Quality checks       3 succeeded / 3 skipped


1 assets failed
└── staging.trips
    └── Internal: Catalog Error: Table with name trips does not exist!
        Did you mean "ingestion.trips"?
        
        LINE 2: DELETE FROM staging.trips WHERE pickup_datetime BETWEEN '2022-01-01T00:00:00.000000Z'...
                                              ^

