
Pipeline: nyc_taxi (..)
  No issues found

✓ Successfully validated 4 assets across 1 pipeline, all good.

Interval: 2022-01-01T00:00:00Z - 2022-02-01T00:00:00Z

Starting the pipeline execution...

[19:22:07] Running:  ingestion.payment_lookup
[19:22:07] Running:  ingestion.trips
[19:22:07] [ingestion.trips] >> Installed 1 package in 27ms
[19:22:07] [ingestion.trips] >> Loading https://d37ci6vzurychx.cloudfront.net/trip-data/yellow_tripdata_2022-01.parquet
[19:22:08] [ingestion.payment_lookup] >> 2026-02-28 19:22:08,928|[WARNING]|70330|127896851572544|dlt|reference.py|__init__:76|When initializing destination factory of type dlt.destinations.duckdb, argument dest_table is not a valid field in DuckDbClientConfiguration or destination capabilities
[19:22:08] [ingestion.payment_lookup] >> 2026-02-28 19:22:08,929|[WARNING]|70330|127896851572544|dlt|reference.py|__init__:76|When initializing destination factory of type dlt.destinations.duckdb, argument staging_bucket is not a valid field in DuckDbClientConfiguration or destination capabilities
[19:22:08] [ingestion.payment_lookup] >> 
[19:22:08] [ingestion.payment_lookup] >> Initiated the pipeline with the following:
[19:22:08] [ingestion.payment_lookup] >>   Source: csv / seed.raw
[19:22:08] [ingestion.payment_lookup] >>   Destination: duckdb / ingestion.payment_lookup
[19:22:08] [ingestion.payment_lookup] >>   Incremental Strategy: replace
[19:22:08] [ingestion.payment_lookup] >>   Incremental Key: None
[19:22:08] [ingestion.payment_lookup] >>   Primary Key: ['payment_type_id']
[19:22:08] [ingestion.payment_lookup] >>   Pipeline ID: 60911f862bb3aa6c321ed19700e7b396fbf4c7d5cf89203ff59af8406408a265
[19:22:08] [ingestion.payment_lookup] >> 
[19:22:08] [ingestion.payment_lookup] >> 
[19:22:08] [ingestion.payment_lookup] >> Starting the ingestion...
[19:22:09] [ingestion.payment_lookup] >> --- Extract _60911f862bb3aa6c321ed19700e7tsjyxa4c7d5cf89203ff59af8406408a265 ---
[19:22:09] [ingestion.payment_lookup] >> Resources: 0/1 (0.0%) | Time: 0.00s | Rate: 0.00/s
[19:22:09] [ingestion.payment_lookup] >> Memory usage: 227.71 MB (5.20%) | CPU usage: 0.00%
[19:22:09] [ingestion.payment_lookup] >> 
[19:22:09] [ingestion.payment_lookup] >> --- Extract _60911f862bb3aa6c321ed19700e7tsjyxa4c7d5cf89203ff59af8406408a265 ---
[19:22:09] [ingestion.payment_lookup] >> Resources: 0/1 (0.0%) | Time: 0.00s | Rate: 0.00/s
[19:22:09] [ingestion.payment_lookup] >> payment_lookup: 7  | Time: 0.00s | Rate: 1468006.40/s
[19:22:09] [ingestion.payment_lookup] >> Memory usage: 227.71 MB (5.20%) | CPU usage: 0.00%
[19:22:09] [ingestion.payment_lookup] >> 
[19:22:09] [ingestion.payment_lookup] >> --- Extract _60911f862bb3aa6c321ed19700e7tsjyxa4c7d5cf89203ff59af8406408a265 ---
[19:22:09] [ingestion.payment_lookup] >> Resources: 1/1 (100.0%) | Time: 0.02s | Rate: 60.36/s
[19:22:09] [ingestion.payment_lookup] >> payment_lookup: 7  | Time: 0.01s | Rate: 581.32/s
[19:22:09] [ingestion.payment_lookup] >> Memory usage: 227.71 MB (5.20%) | CPU usage: 0.00%
[19:22:09] [ingestion.payment_lookup] >> 
[19:22:09] [ingestion.payment_lookup] >>  Normalize _60911f862bb3aa6c321ed19700e7tsjyxa4c7d5cf89203ff59af8406408a265 in 1772328129.0838945 
[19:22:09] [ingestion.payment_lookup] >> Files: 0/1 (0.0%) | Time: 0.00s | Rate: 0.00/s
[19:22:09] [ingestion.payment_lookup] >> Memory usage: 228.21 MB (5.20%) | CPU usage: 0.00%
[19:22:09] [ingestion.payment_lookup] >> 
[19:22:09] [ingestion.payment_lookup] >>  Normalize _60911f862bb3aa6c321ed19700e7tsjyxa4c7d5cf89203ff59af8406408a265 in 1772328129.0838945 
[19:22:09] [ingestion.payment_lookup] >> Files: 0/1 (0.0%) | Time: 0.00s | Rate: 0.00/s
[19:22:09] [ingestion.payment_lookup] >> Items: 0  | Time: 0.00s | Rate: 0.00/s
[19:22:09] [ingestion.payment_lookup] >> Memory usage: 228.21 MB (5.20%) | CPU usage: 0.00%
[19:22:09] [ingestion.payment_lookup] >> 
[19:22:09] [ingestion.payment_lookup] >>  Normalize _60911f862bb3aa6c321ed19700e7tsjyxa4c7d5cf89203ff59af8406408a265 in 1772328129.0838945 
[19:22:09] [ingestion.payment_lookup] >> Files: 1/1 (100.0%) | Time: 0.02s | Rate: 66.42/s
[19:22:09] [ingestion.payment_lookup] >> Items: 7  | Time: 0.01s | Rate: 473.18/s
[19:22:09] [ingestion.payment_lookup] >> Memory usage: 231.09 MB (5.20%) | CPU usage: 0.00%
[19:22:09] [ingestion.payment_lookup] >> 
[19:22:09] [ingestion.payment_lookup] >>  Load _60911f862bb3aa6c321ed19700e7tsjyxa4c7d5cf89203ff59af8406408a265 in 1772328129.0838945 
[19:22:09] [ingestion.payment_lookup] >> Jobs: 0/1 (0.0%) | Time: 0.00s | Rate: 0.00/s
[19:22:09] [ingestion.payment_lookup] >> Memory usage: 231.34 MB (5.20%) | CPU usage: 0.00%
[19:22:09] [ingestion.payment_lookup] >> 
[19:22:09] [ingestion.payment_lookup] >>  Load _60911f862bb3aa6c321ed19700e7tsjyxa4c7d5cf89203ff59af8406408a265 in 1772328129.0838945 
[19:22:09] [ingestion.payment_lookup] >> Jobs: 1/1 (100.0%) | Time: 0.31s | Rate: 3.26/s
[19:22:09] [ingestion.payment_lookup] >> Memory usage: 235.71 MB (5.20%) | CPU usage: 0.00%
[19:22:09] [ingestion.payment_lookup] >> 
[19:22:09] [ingestion.payment_lookup] >> Successfully finished loading data from 'csv' to 'duckdb' in 0.53 seconds 
[19:22:09] [ingestion.payment_lookup] >> 
[19:22:10] Finished: ingestion.payment_lookup (2.725s)
[19:22:10] Running:  ingestion.payment_lookup:payment_type_name:not_null
[19:22:10] Running:  ingestion.payment_lookup:payment_type_id:not_null
[19:22:10] Running:  ingestion.payment_lookup:payment_type_id:unique
[19:22:10] Finished: ingestion.payment_lookup:payment_type_name:not_null (24ms)
[19:22:10] Finished: ingestion.payment_lookup:payment_type_id:not_null (47ms)
[19:22:10] Finished: ingestion.payment_lookup:payment_type_id:unique (73ms)
[19:22:21] [ingestion.trips] >> Loading https://d37ci6vzurychx.cloudfront.net/trip-data/yellow_tripdata_2022-02.parquet
[19:22:35] [ingestion.trips] Successfully collected the data from the asset, uploading to the destination...
[19:22:38] [ingestion.trips] >> 2026-02-28 19:22:38,932|[WARNING]|70495|125381732493120|dlt|reference.py|__init__:76|When initializing destination factory of type dlt.destinations.duckdb, argument dest_table is not a valid field in DuckDbClientConfiguration or destination capabilities
[19:22:38] [ingestion.trips] >> 2026-02-28 19:22:38,932|[WARNING]|70495|125381732493120|dlt|reference.py|__init__:76|When initializing destination factory of type dlt.destinations.duckdb, argument staging_bucket is not a valid field in DuckDbClientConfiguration or destination capabilities
[19:22:38] [ingestion.trips] >> 
[19:22:38] [ingestion.trips] >> Initiated the pipeline with the following:
[19:22:38] [ingestion.trips] >>   Source: mmap / asset_data
[19:22:38] [ingestion.trips] >>   Destination: duckdb / ingestion.trips
[19:22:38] [ingestion.trips] >>   Incremental Strategy: append
[19:22:38] [ingestion.trips] >>   Incremental Key: None
[19:22:38] [ingestion.trips] >>   Primary Key: None
[19:22:38] [ingestion.trips] >>   Pipeline ID: 1c640cda117b412bfd31f8d0ccfbc1825fdd42b287add7c24115163f8e9aced4
[19:22:38] [ingestion.trips] >> 
[19:22:38] [ingestion.trips] >> 
[19:22:38] [ingestion.trips] >> Starting the ingestion...
[19:22:43] [ingestion.trips] >> --- Extract _1c640cda117b412bfd31f8d0ccfbdalikqd42b287add7c24115163f8e9aced4 ---
[19:22:43] [ingestion.trips] >> Resources: 0/1 (0.0%) | Time: 0.00s | Rate: 0.00/s
[19:22:43] [ingestion.trips] >> Memory usage: 227.41 MB (4.90%) | CPU usage: 0.00%
[19:22:43] [ingestion.trips] >> 
[19:22:43] [ingestion.trips] >> --- Extract _1c640cda117b412bfd31f8d0ccfbdalikqd42b287add7c24115163f8e9aced4 ---
[19:22:43] [ingestion.trips] >> Resources: 0/1 (0.0%) | Time: 2.68s | Rate: 0.00/s
[19:22:43] [ingestion.trips] >> trips: 5443362  | Time: 0.00s | Rate: 617057162433.73/s
[19:22:43] [ingestion.trips] >> Memory usage: 1154.32 MB (5.40%) | CPU usage: 0.00%
[19:22:43] [ingestion.trips] >> 
[19:22:43] [ingestion.trips] >> --- Extract _1c640cda117b412bfd31f8d0ccfbdalikqd42b287add7c24115163f8e9aced4 ---
[19:22:43] [ingestion.trips] >> Resources: 1/1 (100.0%) | Time: 2.69s | Rate: 0.37/s
[19:22:43] [ingestion.trips] >> trips: 5443362  | Time: 0.01s | Rate: 370292343.29/s
[19:22:43] [ingestion.trips] >> Memory usage: 1071.27 MB (5.10%) | CPU usage: 0.00%
[19:22:43] [ingestion.trips] >> 
[19:22:43] [ingestion.trips] >>  Normalize _1c640cda117b412bfd31f8d0ccfbdalikqd42b287add7c24115163f8e9aced4 in 1772328159.1119623 
[19:22:43] [ingestion.trips] >> Files: 0/1 (0.0%) | Time: 0.00s | Rate: 0.00/s
[19:22:43] [ingestion.trips] >> Memory usage: 1071.89 MB (5.10%) | CPU usage: 0.00%
[19:22:43] [ingestion.trips] >> 
[19:22:43] [ingestion.trips] >>  Normalize _1c640cda117b412bfd31f8d0ccfbdalikqd42b287add7c24115163f8e9aced4 in 1772328159.1119623 
[19:22:43] [ingestion.trips] >> Files: 0/1 (0.0%) | Time: 0.00s | Rate: 0.00/s
[19:22:43] [ingestion.trips] >> Items: 0  | Time: 0.00s | Rate: 0.00/s
[19:22:43] [ingestion.trips] >> Memory usage: 1072.02 MB (5.10%) | CPU usage: 0.00%
[19:22:43] [ingestion.trips] >> 
[19:22:43] [ingestion.trips] >>  Normalize _1c640cda117b412bfd31f8d0ccfbdalikqd42b287add7c24115163f8e9aced4 in 1772328159.1119623 
[19:22:43] [ingestion.trips] >> Files: 1/1 (100.0%) | Time: 0.01s | Rate: 93.52/s
[19:22:43] [ingestion.trips] >> Items: 5443362  | Time: 0.01s | Rate: 520474057.59/s
[19:22:43] [ingestion.trips] >> Memory usage: 1072.52 MB (5.10%) | CPU usage: 0.00%
[19:22:43] [ingestion.trips] >> 
[19:22:43] [ingestion.trips] >>  Load _1c640cda117b412bfd31f8d0ccfbdalikqd42b287add7c24115163f8e9aced4 in 1772328159.1119623 
[19:22:43] [ingestion.trips] >> Jobs: 0/1 (0.0%) | Time: 0.00s | Rate: 0.00/s
[19:22:43] [ingestion.trips] >> Memory usage: 1072.77 MB (5.10%) | CPU usage: 0.00%
[19:22:43] [ingestion.trips] >> 
[19:22:43] [ingestion.trips] >>  Load _1c640cda117b412bfd31f8d0ccfbdalikqd42b287add7c24115163f8e9aced4 in 1772328159.1119623 
[19:22:43] [ingestion.trips] >> Jobs: 0/1 (0.0%) | Time: 1.32s | Rate: 0.00/s
[19:22:43] [ingestion.trips] >> Memory usage: 1412.65 MB (6.40%) | CPU usage: 0.00%
[19:22:43] [ingestion.trips] >> 
[19:22:43] [ingestion.trips] >>  Load _1c640cda117b412bfd31f8d0ccfbdalikqd42b287add7c24115163f8e9aced4 in 1772328159.1119623 
[19:22:43] [ingestion.trips] >> Jobs: 1/1 (100.0%) | Time: 1.54s | Rate: 0.65/s
[19:22:43] [ingestion.trips] >> Memory usage: 1082.92 MB (5.20%) | CPU usage: 0.00%
[19:22:43] [ingestion.trips] >> 
[19:22:43] [ingestion.trips] >> Successfully finished loading data from 'mmap' to 'duckdb' in 4.47 seconds 
[19:22:43] [ingestion.trips] >> 
[19:22:44] [ingestion.trips] Successfully loaded the data from the asset into the destination.
[19:22:44] Finished: ingestion.trips (34.619s)
[19:22:44] Running:  staging.trips
[19:22:44] Failed: staging.trips (52ms)

==================================================

PASS ingestion.payment_lookup ...
PASS ingestion.trips 
FAIL staging.trips UU
UPSTREAM FAILED reports.trips_report U


bruin run completed with failures in 34.671s

 ✗ Assets executed      1 failed / 2 succeeded / 1 skipped
 ✗ Quality checks       3 succeeded / 3 skipped


1 assets failed
└── staging.trips
    └── Internal: Binder Error: Table "t" does not have a column named "pickup_datetime"
        
        Candidate bindings: : "tpep_pickup_datetime"
        
        LINE 14:   AND t.pickup_datetime < '2022-02-01T00:00:00'
                            ^

