
Pipeline: nyc_taxi (..)
  No issues found

✓ Successfully validated 4 assets across 1 pipeline, all good.

Interval: 2022-01-01T00:00:00Z - 2022-02-01T00:00:00Z

Starting the pipeline execution...

[19:20:19] Running:  ingestion.trips
[19:20:19] Running:  ingestion.payment_lookup
[19:20:19] [ingestion.trips] >> Installed 1 package in 29ms
[19:20:20] [ingestion.trips] >> Loading https://d37ci6vzurychx.cloudfront.net/trip-data/yellow_tripdata_2022-01.parquet
[19:20:21] [ingestion.payment_lookup] >> 2026-02-28 19:20:21,071|[WARNING]|69919|131581696022336|dlt|reference.py|__init__:76|When initializing destination factory of type dlt.destinations.duckdb, argument dest_table is not a valid field in DuckDbClientConfiguration or destination capabilities
[19:20:21] [ingestion.payment_lookup] >> 2026-02-28 19:20:21,071|[WARNING]|69919|131581696022336|dlt|reference.py|__init__:76|When initializing destination factory of type dlt.destinations.duckdb, argument staging_bucket is not a valid field in DuckDbClientConfiguration or destination capabilities
[19:20:21] [ingestion.payment_lookup] >> 
[19:20:21] [ingestion.payment_lookup] >> Initiated the pipeline with the following:
[19:20:21] [ingestion.payment_lookup] >>   Source: csv / seed.raw
[19:20:21] [ingestion.payment_lookup] >>   Destination: duckdb / ingestion.payment_lookup
[19:20:21] [ingestion.payment_lookup] >>   Incremental Strategy: replace
[19:20:21] [ingestion.payment_lookup] >>   Incremental Key: None
[19:20:21] [ingestion.payment_lookup] >>   Primary Key: ['payment_type_id']
[19:20:21] [ingestion.payment_lookup] >>   Pipeline ID: 60911f862bb3aa6c321ed19700e7b396fbf4c7d5cf89203ff59af8406408a265
[19:20:21] [ingestion.payment_lookup] >> 
[19:20:21] [ingestion.payment_lookup] >> 
[19:20:21] [ingestion.payment_lookup] >> Starting the ingestion...
[19:20:21] [ingestion.payment_lookup] >> --- Extract _60911f862bb3aa6c321ed19700e7tsjyxa4c7d5cf89203ff59af8406408a265 ---
[19:20:21] [ingestion.payment_lookup] >> Resources: 0/1 (0.0%) | Time: 0.00s | Rate: 0.00/s
[19:20:21] [ingestion.payment_lookup] >> Memory usage: 227.07 MB (5.20%) | CPU usage: 0.00%
[19:20:21] [ingestion.payment_lookup] >> 
[19:20:21] [ingestion.payment_lookup] >> --- Extract _60911f862bb3aa6c321ed19700e7tsjyxa4c7d5cf89203ff59af8406408a265 ---
[19:20:21] [ingestion.payment_lookup] >> Resources: 0/1 (0.0%) | Time: 0.00s | Rate: 0.00/s
[19:20:21] [ingestion.payment_lookup] >> payment_lookup: 7  | Time: 0.00s | Rate: 1334551.27/s
[19:20:21] [ingestion.payment_lookup] >> Memory usage: 227.07 MB (5.20%) | CPU usage: 0.00%
[19:20:21] [ingestion.payment_lookup] >> 
[19:20:21] [ingestion.payment_lookup] >> --- Extract _60911f862bb3aa6c321ed19700e7tsjyxa4c7d5cf89203ff59af8406408a265 ---
[19:20:21] [ingestion.payment_lookup] >> Resources: 1/1 (100.0%) | Time: 0.02s | Rate: 59.62/s
[19:20:21] [ingestion.payment_lookup] >> payment_lookup: 7  | Time: 0.01s | Rate: 581.99/s
[19:20:21] [ingestion.payment_lookup] >> Memory usage: 227.07 MB (5.20%) | CPU usage: 0.00%
[19:20:21] [ingestion.payment_lookup] >> 
[19:20:21] [ingestion.payment_lookup] >>  Normalize _60911f862bb3aa6c321ed19700e7tsjyxa4c7d5cf89203ff59af8406408a265 in 1772328021.2227888 
[19:20:21] [ingestion.payment_lookup] >> Files: 0/1 (0.0%) | Time: 0.00s | Rate: 0.00/s
[19:20:21] [ingestion.payment_lookup] >> Memory usage: 227.57 MB (5.20%) | CPU usage: 0.00%
[19:20:21] [ingestion.payment_lookup] >> 
[19:20:21] [ingestion.payment_lookup] >>  Normalize _60911f862bb3aa6c321ed19700e7tsjyxa4c7d5cf89203ff59af8406408a265 in 1772328021.2227888 
[19:20:21] [ingestion.payment_lookup] >> Files: 0/1 (0.0%) | Time: 0.00s | Rate: 0.00/s
[19:20:21] [ingestion.payment_lookup] >> Items: 0  | Time: 0.00s | Rate: 0.00/s
[19:20:21] [ingestion.payment_lookup] >> Memory usage: 227.57 MB (5.20%) | CPU usage: 0.00%
[19:20:21] [ingestion.payment_lookup] >> 
[19:20:21] [ingestion.payment_lookup] >>  Normalize _60911f862bb3aa6c321ed19700e7tsjyxa4c7d5cf89203ff59af8406408a265 in 1772328021.2227888 
[19:20:21] [ingestion.payment_lookup] >> Files: 1/1 (100.0%) | Time: 0.01s | Rate: 88.22/s
[19:20:21] [ingestion.payment_lookup] >> Items: 7  | Time: 0.01s | Rate: 634.24/s
[19:20:21] [ingestion.payment_lookup] >> Memory usage: 230.57 MB (5.20%) | CPU usage: 0.00%
[19:20:21] [ingestion.payment_lookup] >> 
[19:20:21] [ingestion.payment_lookup] >>  Load _60911f862bb3aa6c321ed19700e7tsjyxa4c7d5cf89203ff59af8406408a265 in 1772328021.2227888 
[19:20:21] [ingestion.payment_lookup] >> Jobs: 0/1 (0.0%) | Time: 0.00s | Rate: 0.00/s
[19:20:21] [ingestion.payment_lookup] >> Memory usage: 230.70 MB (5.20%) | CPU usage: 0.00%
[19:20:21] [ingestion.payment_lookup] >> 
[19:20:21] [ingestion.payment_lookup] >>  Load _60911f862bb3aa6c321ed19700e7tsjyxa4c7d5cf89203ff59af8406408a265 in 1772328021.2227888 
[19:20:21] [ingestion.payment_lookup] >> Jobs: 1/1 (100.0%) | Time: 0.26s | Rate: 3.84/s
[19:20:21] [ingestion.payment_lookup] >> Memory usage: 245.53 MB (5.30%) | CPU usage: 0.00%
[19:20:21] [ingestion.payment_lookup] >> 
[19:20:21] [ingestion.payment_lookup] >> Successfully finished loading data from 'csv' to 'duckdb' in 0.47 seconds 
[19:20:21] [ingestion.payment_lookup] >> 
[19:20:22] Finished: ingestion.payment_lookup (3.054s)
[19:20:22] Running:  ingestion.payment_lookup:payment_type_name:not_null
[19:20:22] Running:  ingestion.payment_lookup:payment_type_id:not_null
[19:20:22] Running:  ingestion.payment_lookup:payment_type_id:unique
[19:20:22] Finished: ingestion.payment_lookup:payment_type_name:not_null (22ms)
[19:20:22] Finished: ingestion.payment_lookup:payment_type_id:unique (45ms)
[19:20:22] Finished: ingestion.payment_lookup:payment_type_id:not_null (68ms)
[19:20:24] [ingestion.trips] >> Loading https://d37ci6vzurychx.cloudfront.net/trip-data/yellow_tripdata_2022-02.parquet
[19:20:31] [ingestion.trips] Successfully collected the data from the asset, uploading to the destination...
[19:20:32] [ingestion.trips] >> 2026-02-28 19:20:32,721|[WARNING]|70081|125198603302720|dlt|reference.py|__init__:76|When initializing destination factory of type dlt.destinations.duckdb, argument dest_table is not a valid field in DuckDbClientConfiguration or destination capabilities
[19:20:32] [ingestion.trips] >> 2026-02-28 19:20:32,722|[WARNING]|70081|125198603302720|dlt|reference.py|__init__:76|When initializing destination factory of type dlt.destinations.duckdb, argument staging_bucket is not a valid field in DuckDbClientConfiguration or destination capabilities
[19:20:32] [ingestion.trips] >> 
[19:20:32] [ingestion.trips] >> Initiated the pipeline with the following:
[19:20:32] [ingestion.trips] >>   Source: mmap / asset_data
[19:20:32] [ingestion.trips] >>   Destination: duckdb / ingestion.trips
[19:20:32] [ingestion.trips] >>   Incremental Strategy: append
[19:20:32] [ingestion.trips] >>   Incremental Key: None
[19:20:32] [ingestion.trips] >>   Primary Key: None
[19:20:32] [ingestion.trips] >>   Pipeline ID: 1c640cda117b412bfd31f8d0ccfbc1825fdd42b287add7c24115163f8e9aced4
[19:20:32] [ingestion.trips] >> 
[19:20:32] [ingestion.trips] >> 
[19:20:32] [ingestion.trips] >> Starting the ingestion...
[19:20:36] [ingestion.trips] >> --- Extract _1c640cda117b412bfd31f8d0ccfbdalikqd42b287add7c24115163f8e9aced4 ---
[19:20:36] [ingestion.trips] >> Resources: 0/1 (0.0%) | Time: 0.00s | Rate: 0.00/s
[19:20:36] [ingestion.trips] >> Memory usage: 227.15 MB (4.90%) | CPU usage: 0.00%
[19:20:36] [ingestion.trips] >> 
[19:20:36] [ingestion.trips] >> --- Extract _1c640cda117b412bfd31f8d0ccfbdalikqd42b287add7c24115163f8e9aced4 ---
[19:20:36] [ingestion.trips] >> Resources: 0/1 (0.0%) | Time: 2.08s | Rate: 0.00/s
[19:20:36] [ingestion.trips] >> trips: 5443362  | Time: 0.00s | Rate: 691851970001.45/s
[19:20:36] [ingestion.trips] >> Memory usage: 1154.18 MB (5.50%) | CPU usage: 0.00%
[19:20:36] [ingestion.trips] >> 
[19:20:36] [ingestion.trips] >> --- Extract _1c640cda117b412bfd31f8d0ccfbdalikqd42b287add7c24115163f8e9aced4 ---
[19:20:36] [ingestion.trips] >> Resources: 1/1 (100.0%) | Time: 2.09s | Rate: 0.48/s
[19:20:36] [ingestion.trips] >> trips: 5443362  | Time: 0.01s | Rate: 380208080.24/s
[19:20:36] [ingestion.trips] >> Memory usage: 1071.13 MB (5.10%) | CPU usage: 0.00%
[19:20:36] [ingestion.trips] >> 
[19:20:36] [ingestion.trips] >>  Normalize _1c640cda117b412bfd31f8d0ccfbdalikqd42b287add7c24115163f8e9aced4 in 1772328032.8964841 
[19:20:36] [ingestion.trips] >> Files: 0/1 (0.0%) | Time: 0.00s | Rate: 0.00/s
[19:20:36] [ingestion.trips] >> Memory usage: 1071.38 MB (5.10%) | CPU usage: 0.00%
[19:20:36] [ingestion.trips] >> 
[19:20:36] [ingestion.trips] >>  Normalize _1c640cda117b412bfd31f8d0ccfbdalikqd42b287add7c24115163f8e9aced4 in 1772328032.8964841 
[19:20:36] [ingestion.trips] >> Files: 0/1 (0.0%) | Time: 0.00s | Rate: 0.00/s
[19:20:36] [ingestion.trips] >> Items: 0  | Time: 0.00s | Rate: 0.00/s
[19:20:36] [ingestion.trips] >> Memory usage: 1071.38 MB (5.10%) | CPU usage: 0.00%
[19:20:36] [ingestion.trips] >> 
[19:20:36] [ingestion.trips] >>  Normalize _1c640cda117b412bfd31f8d0ccfbdalikqd42b287add7c24115163f8e9aced4 in 1772328032.8964841 
[19:20:36] [ingestion.trips] >> Files: 1/1 (100.0%) | Time: 0.01s | Rate: 122.19/s
[19:20:36] [ingestion.trips] >> Items: 5443362  | Time: 0.01s | Rate: 683996375.27/s
[19:20:36] [ingestion.trips] >> Memory usage: 1072.25 MB (5.10%) | CPU usage: 0.00%
[19:20:36] [ingestion.trips] >> 
[19:20:36] [ingestion.trips] >>  Load _1c640cda117b412bfd31f8d0ccfbdalikqd42b287add7c24115163f8e9aced4 in 1772328032.8964841 
[19:20:36] [ingestion.trips] >> Jobs: 0/1 (0.0%) | Time: 0.00s | Rate: 0.00/s
[19:20:36] [ingestion.trips] >> Memory usage: 1072.50 MB (5.10%) | CPU usage: 0.00%
[19:20:36] [ingestion.trips] >> 
[19:20:36] [ingestion.trips] >>  Load _1c640cda117b412bfd31f8d0ccfbdalikqd42b287add7c24115163f8e9aced4 in 1772328032.8964841 
[19:20:36] [ingestion.trips] >> Jobs: 0/1 (0.0%) | Time: 1.30s | Rate: 0.00/s
[19:20:36] [ingestion.trips] >> Memory usage: 1438.89 MB (6.60%) | CPU usage: 0.00%
[19:20:36] [ingestion.trips] >> 
[19:20:36] [ingestion.trips] >>  Load _1c640cda117b412bfd31f8d0ccfbdalikqd42b287add7c24115163f8e9aced4 in 1772328032.8964841 
[19:20:36] [ingestion.trips] >> Jobs: 1/1 (100.0%) | Time: 1.49s | Rate: 0.67/s
[19:20:36] [ingestion.trips] >> Memory usage: 1077.76 MB (5.20%) | CPU usage: 0.00%
[19:20:36] [ingestion.trips] >> 
[19:20:36] [ingestion.trips] >> Successfully finished loading data from 'mmap' to 'duckdb' in 3.78 seconds 
[19:20:36] [ingestion.trips] >> 
[19:20:37] [ingestion.trips] Successfully loaded the data from the asset into the destination.
[19:20:37] Finished: ingestion.trips (17.906s)
[19:20:37] Running:  staging.trips
[19:20:37] Failed: staging.trips (52ms)

==================================================

PASS ingestion.payment_lookup ...
PASS ingestion.trips 
FAIL staging.trips UU
UPSTREAM FAILED reports.trips_report U


bruin run completed with failures in 17.959s

 ✗ Assets executed      1 failed / 2 succeeded / 1 skipped
 ✗ Quality checks       3 succeeded / 3 skipped


1 assets failed
└── staging.trips
    └── Internal: Catalog Error: Table with name trips does not exist!
        Did you mean "ingestion.trips"?
        
        LINE 2: DELETE FROM staging.trips WHERE pickup_datetime BETWEEN '2022-01-01T00:00:00.000000Z'...
                                              ^

