
Pipeline: nyc_taxi (..)
  No issues found

✓ Successfully validated 4 assets across 1 pipeline, all good.

Interval: 2022-01-01T00:00:00Z - 2022-02-01T00:00:00Z

Starting the pipeline execution...

[19:26:45] Running:  ingestion.trips
[19:26:45] Running:  ingestion.payment_lookup
[19:26:45] [ingestion.trips] >> Installed 1 package in 24ms
[19:26:46] [ingestion.trips] >> Loading https://d37ci6vzurychx.cloudfront.net/trip-data/yellow_tripdata_2022-01.parquet
[19:26:47] [ingestion.payment_lookup] >> 2026-02-28 19:26:47,322|[WARNING]|71181|127285789341504|dlt|reference.py|__init__:76|When initializing destination factory of type dlt.destinations.duckdb, argument dest_table is not a valid field in DuckDbClientConfiguration or destination capabilities
[19:26:47] [ingestion.payment_lookup] >> 2026-02-28 19:26:47,322|[WARNING]|71181|127285789341504|dlt|reference.py|__init__:76|When initializing destination factory of type dlt.destinations.duckdb, argument staging_bucket is not a valid field in DuckDbClientConfiguration or destination capabilities
[19:26:47] [ingestion.payment_lookup] >> 
[19:26:47] [ingestion.payment_lookup] >> Initiated the pipeline with the following:
[19:26:47] [ingestion.payment_lookup] >>   Source: csv / seed.raw
[19:26:47] [ingestion.payment_lookup] >>   Destination: duckdb / ingestion.payment_lookup
[19:26:47] [ingestion.payment_lookup] >>   Incremental Strategy: replace
[19:26:47] [ingestion.payment_lookup] >>   Incremental Key: None
[19:26:47] [ingestion.payment_lookup] >>   Primary Key: ['payment_type_id']
[19:26:47] [ingestion.payment_lookup] >>   Pipeline ID: 60911f862bb3aa6c321ed19700e7b396fbf4c7d5cf89203ff59af8406408a265
[19:26:47] [ingestion.payment_lookup] >> 
[19:26:47] [ingestion.payment_lookup] >> 
[19:26:47] [ingestion.payment_lookup] >> Starting the ingestion...
[19:26:47] [ingestion.payment_lookup] >> --- Extract _60911f862bb3aa6c321ed19700e7tsjyxa4c7d5cf89203ff59af8406408a265 ---
[19:26:47] [ingestion.payment_lookup] >> Resources: 0/1 (0.0%) | Time: 0.00s | Rate: 0.00/s
[19:26:47] [ingestion.payment_lookup] >> Memory usage: 227.31 MB (5.20%) | CPU usage: 0.00%
[19:26:47] [ingestion.payment_lookup] >> 
[19:26:47] [ingestion.payment_lookup] >> --- Extract _60911f862bb3aa6c321ed19700e7tsjyxa4c7d5cf89203ff59af8406408a265 ---
[19:26:47] [ingestion.payment_lookup] >> Resources: 0/1 (0.0%) | Time: 0.00s | Rate: 0.00/s
[19:26:47] [ingestion.payment_lookup] >> payment_lookup: 7  | Time: 0.00s | Rate: 2258471.38/s
[19:26:47] [ingestion.payment_lookup] >> Memory usage: 227.31 MB (5.20%) | CPU usage: 0.00%
[19:26:47] [ingestion.payment_lookup] >> 
[19:26:47] [ingestion.payment_lookup] >> --- Extract _60911f862bb3aa6c321ed19700e7tsjyxa4c7d5cf89203ff59af8406408a265 ---
[19:26:47] [ingestion.payment_lookup] >> Resources: 1/1 (100.0%) | Time: 0.02s | Rate: 61.67/s
[19:26:47] [ingestion.payment_lookup] >> payment_lookup: 7  | Time: 0.01s | Rate: 592.25/s
[19:26:47] [ingestion.payment_lookup] >> Memory usage: 227.31 MB (5.20%) | CPU usage: 0.00%
[19:26:47] [ingestion.payment_lookup] >> 
[19:26:47] [ingestion.payment_lookup] >>  Normalize _60911f862bb3aa6c321ed19700e7tsjyxa4c7d5cf89203ff59af8406408a265 in 1772328407.4688091 
[19:26:47] [ingestion.payment_lookup] >> Files: 0/1 (0.0%) | Time: 0.00s | Rate: 0.00/s
[19:26:47] [ingestion.payment_lookup] >> Memory usage: 227.81 MB (5.20%) | CPU usage: 0.00%
[19:26:47] [ingestion.payment_lookup] >> 
[19:26:47] [ingestion.payment_lookup] >>  Normalize _60911f862bb3aa6c321ed19700e7tsjyxa4c7d5cf89203ff59af8406408a265 in 1772328407.4688091 
[19:26:47] [ingestion.payment_lookup] >> Files: 0/1 (0.0%) | Time: 0.00s | Rate: 0.00/s
[19:26:47] [ingestion.payment_lookup] >> Items: 0  | Time: 0.00s | Rate: 0.00/s
[19:26:47] [ingestion.payment_lookup] >> Memory usage: 227.81 MB (5.20%) | CPU usage: 0.00%
[19:26:47] [ingestion.payment_lookup] >> 
[19:26:47] [ingestion.payment_lookup] >>  Normalize _60911f862bb3aa6c321ed19700e7tsjyxa4c7d5cf89203ff59af8406408a265 in 1772328407.4688091 
[19:26:47] [ingestion.payment_lookup] >> Files: 1/1 (100.0%) | Time: 0.01s | Rate: 84.90/s
[19:26:47] [ingestion.payment_lookup] >> Items: 7  | Time: 0.01s | Rate: 609.27/s
[19:26:47] [ingestion.payment_lookup] >> Memory usage: 230.81 MB (5.20%) | CPU usage: 0.00%
[19:26:47] [ingestion.payment_lookup] >> 
[19:26:47] [ingestion.payment_lookup] >>  Load _60911f862bb3aa6c321ed19700e7tsjyxa4c7d5cf89203ff59af8406408a265 in 1772328407.4688091 
[19:26:47] [ingestion.payment_lookup] >> Jobs: 0/1 (0.0%) | Time: 0.00s | Rate: 0.00/s
[19:26:47] [ingestion.payment_lookup] >> Memory usage: 231.81 MB (5.20%) | CPU usage: 0.00%
[19:26:47] [ingestion.payment_lookup] >> 
[19:26:47] [ingestion.payment_lookup] >>  Load _60911f862bb3aa6c321ed19700e7tsjyxa4c7d5cf89203ff59af8406408a265 in 1772328407.4688091 
[19:26:47] [ingestion.payment_lookup] >> Jobs: 1/1 (100.0%) | Time: 0.34s | Rate: 2.92/s
[19:26:47] [ingestion.payment_lookup] >> Memory usage: 239.06 MB (5.20%) | CPU usage: 0.00%
[19:26:47] [ingestion.payment_lookup] >> 
[19:26:47] [ingestion.payment_lookup] >> Successfully finished loading data from 'csv' to 'duckdb' in 0.55 seconds 
[19:26:47] [ingestion.payment_lookup] >> 
[19:26:48] Finished: ingestion.payment_lookup (2.846s)
[19:26:48] Running:  ingestion.payment_lookup:payment_type_name:not_null
[19:26:48] Running:  ingestion.payment_lookup:payment_type_id:unique
[19:26:48] Running:  ingestion.payment_lookup:payment_type_id:not_null
[19:26:48] Finished: ingestion.payment_lookup:payment_type_name:not_null (23ms)
[19:26:48] Finished: ingestion.payment_lookup:payment_type_id:unique (49ms)
[19:26:48] Finished: ingestion.payment_lookup:payment_type_id:not_null (69ms)
[19:26:55] [ingestion.trips] >> Loading https://d37ci6vzurychx.cloudfront.net/trip-data/yellow_tripdata_2022-02.parquet
[19:27:09] [ingestion.trips] Successfully collected the data from the asset, uploading to the destination...
[19:27:10] [ingestion.trips] >> 2026-02-28 19:27:10,833|[WARNING]|71348|130518588884800|dlt|reference.py|__init__:76|When initializing destination factory of type dlt.destinations.duckdb, argument dest_table is not a valid field in DuckDbClientConfiguration or destination capabilities
[19:27:10] [ingestion.trips] >> 2026-02-28 19:27:10,834|[WARNING]|71348|130518588884800|dlt|reference.py|__init__:76|When initializing destination factory of type dlt.destinations.duckdb, argument staging_bucket is not a valid field in DuckDbClientConfiguration or destination capabilities
[19:27:10] [ingestion.trips] >> 
[19:27:10] [ingestion.trips] >> Initiated the pipeline with the following:
[19:27:10] [ingestion.trips] >>   Source: mmap / asset_data
[19:27:10] [ingestion.trips] >>   Destination: duckdb / ingestion.trips
[19:27:10] [ingestion.trips] >>   Incremental Strategy: append
[19:27:10] [ingestion.trips] >>   Incremental Key: None
[19:27:10] [ingestion.trips] >>   Primary Key: None
[19:27:10] [ingestion.trips] >>   Pipeline ID: 1c640cda117b412bfd31f8d0ccfbc1825fdd42b287add7c24115163f8e9aced4
[19:27:10] [ingestion.trips] >> 
[19:27:10] [ingestion.trips] >> 
[19:27:10] [ingestion.trips] >> Starting the ingestion...
[19:27:14] [ingestion.trips] >> --- Extract _1c640cda117b412bfd31f8d0ccfbdalikqd42b287add7c24115163f8e9aced4 ---
[19:27:14] [ingestion.trips] >> Resources: 0/1 (0.0%) | Time: 0.00s | Rate: 0.00/s
[19:27:14] [ingestion.trips] >> Memory usage: 226.76 MB (4.90%) | CPU usage: 0.00%
[19:27:14] [ingestion.trips] >> 
[19:27:14] [ingestion.trips] >> --- Extract _1c640cda117b412bfd31f8d0ccfbdalikqd42b287add7c24115163f8e9aced4 ---
[19:27:14] [ingestion.trips] >> Resources: 0/1 (0.0%) | Time: 2.11s | Rate: 0.00/s
[19:27:14] [ingestion.trips] >> trips: 5443362  | Time: 0.00s | Rate: 761037167001.60/s
[19:27:14] [ingestion.trips] >> Memory usage: 1153.81 MB (5.50%) | CPU usage: 0.00%
[19:27:14] [ingestion.trips] >> 
[19:27:14] [ingestion.trips] >> --- Extract _1c640cda117b412bfd31f8d0ccfbdalikqd42b287add7c24115163f8e9aced4 ---
[19:27:14] [ingestion.trips] >> Resources: 1/1 (100.0%) | Time: 2.13s | Rate: 0.47/s
[19:27:14] [ingestion.trips] >> trips: 5443362  | Time: 0.01s | Rate: 373680235.20/s
[19:27:14] [ingestion.trips] >> Memory usage: 1070.77 MB (5.10%) | CPU usage: 0.00%
[19:27:14] [ingestion.trips] >> 
[19:27:14] [ingestion.trips] >>  Normalize _1c640cda117b412bfd31f8d0ccfbdalikqd42b287add7c24115163f8e9aced4 in 1772328431.0275252 
[19:27:14] [ingestion.trips] >> Files: 0/1 (0.0%) | Time: 0.00s | Rate: 0.00/s
[19:27:14] [ingestion.trips] >> Memory usage: 1071.02 MB (5.10%) | CPU usage: 0.00%
[19:27:14] [ingestion.trips] >> 
[19:27:14] [ingestion.trips] >>  Normalize _1c640cda117b412bfd31f8d0ccfbdalikqd42b287add7c24115163f8e9aced4 in 1772328431.0275252 
[19:27:14] [ingestion.trips] >> Files: 0/1 (0.0%) | Time: 0.00s | Rate: 0.00/s
[19:27:14] [ingestion.trips] >> Items: 0  | Time: 0.00s | Rate: 0.00/s
[19:27:14] [ingestion.trips] >> Memory usage: 1071.02 MB (5.10%) | CPU usage: 0.00%
[19:27:14] [ingestion.trips] >> 
[19:27:14] [ingestion.trips] >>  Normalize _1c640cda117b412bfd31f8d0ccfbdalikqd42b287add7c24115163f8e9aced4 in 1772328431.0275252 
[19:27:14] [ingestion.trips] >> Files: 1/1 (100.0%) | Time: 0.01s | Rate: 123.94/s
[19:27:14] [ingestion.trips] >> Items: 5443362  | Time: 0.01s | Rate: 695688799.14/s
[19:27:14] [ingestion.trips] >> Memory usage: 1071.02 MB (5.10%) | CPU usage: 0.00%
[19:27:14] [ingestion.trips] >> 
[19:27:14] [ingestion.trips] >>  Load _1c640cda117b412bfd31f8d0ccfbdalikqd42b287add7c24115163f8e9aced4 in 1772328431.0275252 
[19:27:14] [ingestion.trips] >> Jobs: 0/1 (0.0%) | Time: 0.00s | Rate: 0.00/s
[19:27:14] [ingestion.trips] >> Memory usage: 1071.27 MB (5.10%) | CPU usage: 0.00%
[19:27:14] [ingestion.trips] >> 
[19:27:14] [ingestion.trips] >>  Load _1c640cda117b412bfd31f8d0ccfbdalikqd42b287add7c24115163f8e9aced4 in 1772328431.0275252 
[19:27:14] [ingestion.trips] >> Jobs: 0/1 (0.0%) | Time: 1.25s | Rate: 0.00/s
[19:27:14] [ingestion.trips] >> Memory usage: 1438.14 MB (6.60%) | CPU usage: 0.00%
[19:27:14] [ingestion.trips] >> 
[19:27:14] [ingestion.trips] >>  Load _1c640cda117b412bfd31f8d0ccfbdalikqd42b287add7c24115163f8e9aced4 in 1772328431.0275252 
[19:27:14] [ingestion.trips] >> Jobs: 1/1 (100.0%) | Time: 1.49s | Rate: 0.67/s
[19:27:14] [ingestion.trips] >> Memory usage: 1080.00 MB (5.20%) | CPU usage: 0.00%
[19:27:14] [ingestion.trips] >> 
[19:27:14] [ingestion.trips] >> Successfully finished loading data from 'mmap' to 'duckdb' in 3.84 seconds 
[19:27:14] [ingestion.trips] >> 
[19:27:15] [ingestion.trips] Successfully loaded the data from the asset into the destination.
[19:27:15] Finished: ingestion.trips (29.093s)
[19:27:15] Running:  staging.trips
[19:27:15] Failed: staging.trips (42ms)

==================================================

PASS ingestion.payment_lookup ...
PASS ingestion.trips 
FAIL staging.trips UU
UPSTREAM FAILED reports.trips_report U


bruin run completed with failures in 29.136s

 ✗ Assets executed      1 failed / 2 succeeded / 1 skipped
 ✗ Quality checks       3 succeeded / 3 skipped


1 assets failed
└── staging.trips
    └── Internal: Parser Error: unterminated /* comment at or near "/*SELECT
            t.pickup_datetime,
            t.dropoff_datetime,
            t.pickup_location_id,
            t.dropoff_location_id,
            t.fare_amount,
            t.taxi_type,
            p.payment_type_name
        FROM ingestion.trips t
        LEFT JOIN ingestion.payment_lookup p
            ON t.payment_type = p.payment_type_id
        WHERE t.pickup_datetime >= '2022-01-01T00:00:00'
          AND t.pickup_datetime < '2022-02-01T00:00:00'
        
        
        
        /*QUALIFY ROW_NUMBER() OVER (
            PARTITION BY t.pickup_datetime, t.dropoff_datetime,
                         t.pickup_location_id, t.dropoff_location_id, t.fare_amount
            ORDER BY t.pickup_datetime
        ) = 18?
        */;
        COMMIT;"
        
        LINE 30: /*SELECT
                 ^

