
Pipeline: nyc_taxi (..)
  No issues found

✓ Successfully validated 4 assets across 1 pipeline, all good.

Interval: 2022-01-01T00:00:00Z - 2022-02-01T00:00:00Z

Starting the pipeline execution...

[18:59:41] Running:  ingestion.payment_lookup
[18:59:41] Running:  ingestion.trips
[18:59:47] [ingestion.trips] >> Downloading pyarrow (38.2MiB)
[18:59:58] [ingestion.trips] >>  Downloaded pyarrow
[18:59:58] [ingestion.trips] >> Installed 1 package in 22ms
[18:59:58] [ingestion.trips] >> Downloading pandas (10.7MiB)
[18:59:58] [ingestion.trips] >> Downloading numpy (16.1MiB)
[19:00:02] [ingestion.trips] >>  Downloaded pandas
[19:00:03] [ingestion.trips] >>  Downloaded numpy
[19:00:03] [ingestion.trips] >> Installed 10 packages in 56ms
[19:00:04] [ingestion.trips] >> Loading https://d37ci6vzurychx.cloudfront.net/trip-data/yellow_tripdata_2022-01.parquet
[19:00:45] [ingestion.payment_lookup] >> 2026-02-28 19:00:45,257|[WARNING]|68222|125641743726400|dlt|reference.py|__init__:76|When initializing destination factory of type dlt.destinations.duckdb, argument dest_table is not a valid field in DuckDbClientConfiguration or destination capabilities
[19:00:45] [ingestion.payment_lookup] >> 2026-02-28 19:00:45,257|[WARNING]|68222|125641743726400|dlt|reference.py|__init__:76|When initializing destination factory of type dlt.destinations.duckdb, argument staging_bucket is not a valid field in DuckDbClientConfiguration or destination capabilities
[19:00:45] [ingestion.payment_lookup] >> 
[19:00:45] [ingestion.payment_lookup] >> Initiated the pipeline with the following:
[19:00:45] [ingestion.payment_lookup] >>   Source: csv / seed.raw
[19:00:45] [ingestion.payment_lookup] >>   Destination: duckdb / ingestion.payment_lookup
[19:00:45] [ingestion.payment_lookup] >>   Incremental Strategy: replace
[19:00:45] [ingestion.payment_lookup] >>   Incremental Key: None
[19:00:45] [ingestion.payment_lookup] >>   Primary Key: ['payment_type_id']
[19:00:45] [ingestion.payment_lookup] >>   Pipeline ID: 60911f862bb3aa6c321ed19700e7b396fbf4c7d5cf89203ff59af8406408a265
[19:00:45] [ingestion.payment_lookup] >> 
[19:00:45] [ingestion.payment_lookup] >> 
[19:00:45] [ingestion.payment_lookup] >> Starting the ingestion...
[19:00:45] [ingestion.payment_lookup] >> --- Extract _60911f862bb3aa6c321ed19700e7tsjyxa4c7d5cf89203ff59af8406408a265 ---
[19:00:45] [ingestion.payment_lookup] >> Resources: 0/1 (0.0%) | Time: 0.00s | Rate: 0.00/s
[19:00:45] [ingestion.payment_lookup] >> Memory usage: 238.26 MB (5.30%) | CPU usage: 0.00%
[19:00:45] [ingestion.payment_lookup] >> 
[19:00:45] [ingestion.payment_lookup] >> --- Extract _60911f862bb3aa6c321ed19700e7tsjyxa4c7d5cf89203ff59af8406408a265 ---
[19:00:45] [ingestion.payment_lookup] >> Resources: 0/1 (0.0%) | Time: 0.00s | Rate: 0.00/s
[19:00:45] [ingestion.payment_lookup] >> payment_lookup: 7  | Time: 0.00s | Rate: 1957341.87/s
[19:00:45] [ingestion.payment_lookup] >> Memory usage: 238.38 MB (5.30%) | CPU usage: 0.00%
[19:00:45] [ingestion.payment_lookup] >> 
[19:00:45] [ingestion.payment_lookup] >> --- Extract _60911f862bb3aa6c321ed19700e7tsjyxa4c7d5cf89203ff59af8406408a265 ---
[19:00:45] [ingestion.payment_lookup] >> Resources: 1/1 (100.0%) | Time: 0.02s | Rate: 61.24/s
[19:00:45] [ingestion.payment_lookup] >> payment_lookup: 7  | Time: 0.01s | Rate: 585.89/s
[19:00:45] [ingestion.payment_lookup] >> Memory usage: 238.38 MB (5.30%) | CPU usage: 0.00%
[19:00:45] [ingestion.payment_lookup] >> 
[19:00:45] [ingestion.payment_lookup] >> --- Extract _60911f862bb3aa6c321ed19700e7tsjyxa4c7d5cf89203ff59af8406408a265 ---
[19:00:45] [ingestion.payment_lookup] >> Resources: 0/1 (0.0%) | Time: 0.00s | Rate: 0.00/s
[19:00:45] [ingestion.payment_lookup] >> Memory usage: 238.38 MB (5.30%) | CPU usage: 0.00%
[19:00:45] [ingestion.payment_lookup] >> 
[19:00:45] [ingestion.payment_lookup] >> --- Extract _60911f862bb3aa6c321ed19700e7tsjyxa4c7d5cf89203ff59af8406408a265 ---
[19:00:45] [ingestion.payment_lookup] >> Resources: 0/1 (0.0%) | Time: 0.00s | Rate: 0.00/s
[19:00:45] [ingestion.payment_lookup] >> _dlt_pipeline_state: 1  | Time: 0.00s | Rate: 246723.76/s
[19:00:45] [ingestion.payment_lookup] >> Memory usage: 238.51 MB (5.30%) | CPU usage: 0.00%
[19:00:45] [ingestion.payment_lookup] >> 
[19:00:45] [ingestion.payment_lookup] >> --- Extract _60911f862bb3aa6c321ed19700e7tsjyxa4c7d5cf89203ff59af8406408a265 ---
[19:00:45] [ingestion.payment_lookup] >> Resources: 1/1 (100.0%) | Time: 0.01s | Rate: 68.89/s
[19:00:45] [ingestion.payment_lookup] >> _dlt_pipeline_state: 1  | Time: 0.01s | Rate: 84.75/s
[19:00:45] [ingestion.payment_lookup] >> Memory usage: 238.51 MB (5.30%) | CPU usage: 0.00%
[19:00:45] [ingestion.payment_lookup] >> 
[19:00:45] [ingestion.payment_lookup] >>  Normalize _60911f862bb3aa6c321ed19700e7tsjyxa4c7d5cf89203ff59af8406408a265 in 1772326845.3630443 
[19:00:45] [ingestion.payment_lookup] >> Files: 0/2 (0.0%) | Time: 0.00s | Rate: 0.00/s
[19:00:45] [ingestion.payment_lookup] >> Memory usage: 239.01 MB (5.30%) | CPU usage: 0.00%
[19:00:45] [ingestion.payment_lookup] >> 
[19:00:45] [ingestion.payment_lookup] >>  Normalize _60911f862bb3aa6c321ed19700e7tsjyxa4c7d5cf89203ff59af8406408a265 in 1772326845.3630443 
[19:00:45] [ingestion.payment_lookup] >> Files: 0/2 (0.0%) | Time: 0.00s | Rate: 0.00/s
[19:00:45] [ingestion.payment_lookup] >> Items: 0  | Time: 0.00s | Rate: 0.00/s
[19:00:45] [ingestion.payment_lookup] >> Memory usage: 239.01 MB (5.30%) | CPU usage: 0.00%
[19:00:45] [ingestion.payment_lookup] >> 
[19:00:45] [ingestion.payment_lookup] >>  Normalize _60911f862bb3aa6c321ed19700e7tsjyxa4c7d5cf89203ff59af8406408a265 in 1772326845.3630443 
[19:00:45] [ingestion.payment_lookup] >> Files: 2/2 (100.0%) | Time: 0.01s | Rate: 141.58/s
[19:00:45] [ingestion.payment_lookup] >> Items: 8  | Time: 0.01s | Rate: 577.48/s
[19:00:45] [ingestion.payment_lookup] >> Memory usage: 242.26 MB (5.30%) | CPU usage: 0.00%
[19:00:45] [ingestion.payment_lookup] >> 
[19:00:45] [ingestion.payment_lookup] >>  Load _60911f862bb3aa6c321ed19700e7tsjyxa4c7d5cf89203ff59af8406408a265 in 1772326845.3630443 
[19:00:45] [ingestion.payment_lookup] >> Jobs: 0/2 (0.0%) | Time: 0.00s | Rate: 0.00/s
[19:00:45] [ingestion.payment_lookup] >> Memory usage: 242.51 MB (5.30%) | CPU usage: 0.00%
[19:00:45] [ingestion.payment_lookup] >> 
[19:00:45] [ingestion.payment_lookup] >>  Load _60911f862bb3aa6c321ed19700e7tsjyxa4c7d5cf89203ff59af8406408a265 in 1772326845.3630443 
[19:00:45] [ingestion.payment_lookup] >> Jobs: 2/2 (100.0%) | Time: 0.15s | Rate: 13.37/s
[19:00:45] [ingestion.payment_lookup] >> Memory usage: 250.04 MB (5.40%) | CPU usage: 0.00%
[19:00:45] [ingestion.payment_lookup] >> 
[19:00:45] [ingestion.payment_lookup] >> Successfully finished loading data from 'csv' to 'duckdb' in 0.34 seconds 
[19:00:45] [ingestion.payment_lookup] >> 
[19:00:46] Finished: ingestion.payment_lookup (1m1.485s)
[19:00:46] Running:  ingestion.payment_lookup:payment_type_name:not_null
[19:00:46] Running:  ingestion.payment_lookup:payment_type_id:not_null
[19:00:46] Running:  ingestion.payment_lookup:payment_type_id:unique
[19:00:46] Finished: ingestion.payment_lookup:payment_type_name:not_null (24ms)
[19:00:46] Finished: ingestion.payment_lookup:payment_type_id:not_null (43ms)
[19:00:46] Finished: ingestion.payment_lookup:payment_type_id:unique (68ms)
[19:00:54] [ingestion.trips] >> Loading https://d37ci6vzurychx.cloudfront.net/trip-data/yellow_tripdata_2022-02.parquet
[19:01:03] [ingestion.trips] Successfully collected the data from the asset, uploading to the destination...
[19:01:04] [ingestion.trips] >> 2026-02-28 19:01:04,721|[WARNING]|68371|130299027322688|dlt|reference.py|__init__:76|When initializing destination factory of type dlt.destinations.duckdb, argument dest_table is not a valid field in DuckDbClientConfiguration or destination capabilities
[19:01:04] [ingestion.trips] >> 2026-02-28 19:01:04,722|[WARNING]|68371|130299027322688|dlt|reference.py|__init__:76|When initializing destination factory of type dlt.destinations.duckdb, argument staging_bucket is not a valid field in DuckDbClientConfiguration or destination capabilities
[19:01:04] [ingestion.trips] >> 
[19:01:04] [ingestion.trips] >> Initiated the pipeline with the following:
[19:01:04] [ingestion.trips] >>   Source: mmap / asset_data
[19:01:04] [ingestion.trips] >>   Destination: duckdb / ingestion.trips
[19:01:04] [ingestion.trips] >>   Incremental Strategy: append
[19:01:04] [ingestion.trips] >>   Incremental Key: None
[19:01:04] [ingestion.trips] >>   Primary Key: None
[19:01:04] [ingestion.trips] >>   Pipeline ID: 1c640cda117b412bfd31f8d0ccfbc1825fdd42b287add7c24115163f8e9aced4
[19:01:04] [ingestion.trips] >> 
[19:01:04] [ingestion.trips] >> 
[19:01:04] [ingestion.trips] >> Starting the ingestion...
[19:01:08] [ingestion.trips] >> --- Extract _1c640cda117b412bfd31f8d0ccfbdalikqd42b287add7c24115163f8e9aced4 ---
[19:01:08] [ingestion.trips] >> Resources: 0/1 (0.0%) | Time: 0.00s | Rate: 0.00/s
[19:01:08] [ingestion.trips] >> Memory usage: 227.99 MB (4.90%) | CPU usage: 0.00%
[19:01:08] [ingestion.trips] >> 
[19:01:08] [ingestion.trips] >> --- Extract _1c640cda117b412bfd31f8d0ccfbdalikqd42b287add7c24115163f8e9aced4 ---
[19:01:08] [ingestion.trips] >> Resources: 0/1 (0.0%) | Time: 2.19s | Rate: 0.00/s
[19:01:08] [ingestion.trips] >> trips: 5443362  | Time: 0.00s | Rate: 671503382648.47/s
[19:01:08] [ingestion.trips] >> Memory usage: 1154.83 MB (5.50%) | CPU usage: 0.00%
[19:01:08] [ingestion.trips] >> 
[19:01:08] [ingestion.trips] >> --- Extract _1c640cda117b412bfd31f8d0ccfbdalikqd42b287add7c24115163f8e9aced4 ---
[19:01:08] [ingestion.trips] >> Resources: 1/1 (100.0%) | Time: 2.20s | Rate: 0.45/s
[19:01:08] [ingestion.trips] >> trips: 5443362  | Time: 0.01s | Rate: 376800815.45/s
[19:01:08] [ingestion.trips] >> Memory usage: 1071.87 MB (5.10%) | CPU usage: 0.00%
[19:01:08] [ingestion.trips] >> 
[19:01:08] [ingestion.trips] >> --- Extract _1c640cda117b412bfd31f8d0ccfbdalikqd42b287add7c24115163f8e9aced4 ---
[19:01:08] [ingestion.trips] >> Resources: 0/1 (0.0%) | Time: 0.00s | Rate: 0.00/s
[19:01:08] [ingestion.trips] >> Memory usage: 1071.87 MB (5.10%) | CPU usage: 0.00%
[19:01:08] [ingestion.trips] >> 
[19:01:08] [ingestion.trips] >> --- Extract _1c640cda117b412bfd31f8d0ccfbdalikqd42b287add7c24115163f8e9aced4 ---
[19:01:08] [ingestion.trips] >> Resources: 0/1 (0.0%) | Time: 0.00s | Rate: 0.00/s
[19:01:08] [ingestion.trips] >> _dlt_pipeline_state: 1  | Time: 0.00s | Rate: 174762.67/s
[19:01:08] [ingestion.trips] >> Memory usage: 1071.87 MB (5.10%) | CPU usage: 0.00%
[19:01:08] [ingestion.trips] >> 
[19:01:08] [ingestion.trips] >> --- Extract _1c640cda117b412bfd31f8d0ccfbdalikqd42b287add7c24115163f8e9aced4 ---
[19:01:08] [ingestion.trips] >> Resources: 1/1 (100.0%) | Time: 0.01s | Rate: 68.96/s
[19:01:08] [ingestion.trips] >> _dlt_pipeline_state: 1  | Time: 0.01s | Rate: 84.39/s
[19:01:08] [ingestion.trips] >> Memory usage: 1072.00 MB (5.10%) | CPU usage: 0.00%
[19:01:08] [ingestion.trips] >> 
[19:01:08] [ingestion.trips] >>  Normalize _1c640cda117b412bfd31f8d0ccfbdalikqd42b287add7c24115163f8e9aced4 in 1772326864.8169158 
[19:01:08] [ingestion.trips] >> Files: 0/2 (0.0%) | Time: 0.00s | Rate: 0.00/s
[19:01:08] [ingestion.trips] >> Memory usage: 1072.62 MB (5.10%) | CPU usage: 0.00%
[19:01:08] [ingestion.trips] >> 
[19:01:08] [ingestion.trips] >>  Normalize _1c640cda117b412bfd31f8d0ccfbdalikqd42b287add7c24115163f8e9aced4 in 1772326864.8169158 
[19:01:08] [ingestion.trips] >> Files: 0/2 (0.0%) | Time: 0.00s | Rate: 0.00/s
[19:01:08] [ingestion.trips] >> Items: 0  | Time: 0.00s | Rate: 0.00/s
[19:01:08] [ingestion.trips] >> Memory usage: 1072.75 MB (5.10%) | CPU usage: 0.00%
[19:01:08] [ingestion.trips] >> 
[19:01:08] [ingestion.trips] >>  Normalize _1c640cda117b412bfd31f8d0ccfbdalikqd42b287add7c24115163f8e9aced4 in 1772326864.8169158 
[19:01:08] [ingestion.trips] >> Files: 2/2 (100.0%) | Time: 0.01s | Rate: 170.36/s
[19:01:08] [ingestion.trips] >> Items: 5443363  | Time: 0.01s | Rate: 474975434.89/s
[19:01:08] [ingestion.trips] >> Memory usage: 1073.37 MB (5.10%) | CPU usage: 0.00%
[19:01:08] [ingestion.trips] >> 
[19:01:08] [ingestion.trips] >>  Load _1c640cda117b412bfd31f8d0ccfbdalikqd42b287add7c24115163f8e9aced4 in 1772326864.8169158 
[19:01:08] [ingestion.trips] >> Jobs: 0/2 (0.0%) | Time: 0.00s | Rate: 0.00/s
[19:01:08] [ingestion.trips] >> Memory usage: 1073.75 MB (5.10%) | CPU usage: 0.00%
[19:01:08] [ingestion.trips] >> 
[19:01:08] [ingestion.trips] >>  Load _1c640cda117b412bfd31f8d0ccfbdalikqd42b287add7c24115163f8e9aced4 in 1772326864.8169158 
[19:01:08] [ingestion.trips] >> Jobs: 1/2 (50.0%) | Time: 1.44s | Rate: 0.69/s
[19:01:08] [ingestion.trips] >> Memory usage: 1462.14 MB (6.50%) | CPU usage: 0.00%
[19:01:08] [ingestion.trips] >> 
[19:01:08] [ingestion.trips] >>  Load _1c640cda117b412bfd31f8d0ccfbdalikqd42b287add7c24115163f8e9aced4 in 1772326864.8169158 
[19:01:08] [ingestion.trips] >> Jobs: 2/2 (100.0%) | Time: 1.54s | Rate: 1.30/s
[19:01:08] [ingestion.trips] >> Memory usage: 1107.54 MB (5.30%) | CPU usage: 0.00%
[19:01:08] [ingestion.trips] >> 
[19:01:08] [ingestion.trips] >> Successfully finished loading data from 'mmap' to 'duckdb' in 3.91 seconds 
[19:01:08] [ingestion.trips] >> 
[19:01:09] [ingestion.trips] Successfully loaded the data from the asset into the destination.
[19:01:09] Finished: ingestion.trips (1m24.868s)
[19:01:09] Running:  staging.trips
[19:01:09] Failed: staging.trips (84ms)

==================================================

PASS ingestion.payment_lookup ...
PASS ingestion.trips 
FAIL staging.trips UU
UPSTREAM FAILED reports.trips_report U


bruin run completed with failures in 1m24.953s

 ✗ Assets executed      1 failed / 2 succeeded / 1 skipped
 ✗ Quality checks       3 succeeded / 3 skipped


1 assets failed
└── staging.trips
    └── Internal: Catalog Error: Table with name trips does not exist!
        Did you mean "ingestion.trips"?
        
        LINE 2: DELETE FROM staging.trips WHERE pickup_datetime BETWEEN '2022-01-01T00:00:00.000000Z'...
                                              ^

