
Pipeline: nyc_taxi (..)
  No issues found

✓ Successfully validated 4 assets across 1 pipeline, all good.

Interval: 2022-01-01T00:00:00Z - 2022-02-01T00:00:00Z

Starting the pipeline execution...

[19:09:45] Running:  ingestion.payment_lookup
[19:09:45] Running:  ingestion.trips
[19:09:45] [ingestion.trips] >> Installed 1 package in 28ms
[19:09:45] [ingestion.trips] >> Loading https://d37ci6vzurychx.cloudfront.net/trip-data/yellow_tripdata_2022-01.parquet
[19:09:46] [ingestion.payment_lookup] >> 2026-02-28 19:09:46,847|[WARNING]|68622|123313515022144|dlt|reference.py|__init__:76|When initializing destination factory of type dlt.destinations.duckdb, argument dest_table is not a valid field in DuckDbClientConfiguration or destination capabilities
[19:09:46] [ingestion.payment_lookup] >> 2026-02-28 19:09:46,847|[WARNING]|68622|123313515022144|dlt|reference.py|__init__:76|When initializing destination factory of type dlt.destinations.duckdb, argument staging_bucket is not a valid field in DuckDbClientConfiguration or destination capabilities
[19:09:46] [ingestion.payment_lookup] >> 
[19:09:46] [ingestion.payment_lookup] >> Initiated the pipeline with the following:
[19:09:46] [ingestion.payment_lookup] >>   Source: csv / seed.raw
[19:09:46] [ingestion.payment_lookup] >>   Destination: duckdb / ingestion.payment_lookup
[19:09:46] [ingestion.payment_lookup] >>   Incremental Strategy: replace
[19:09:46] [ingestion.payment_lookup] >>   Incremental Key: None
[19:09:46] [ingestion.payment_lookup] >>   Primary Key: ['payment_type_id']
[19:09:46] [ingestion.payment_lookup] >>   Pipeline ID: 60911f862bb3aa6c321ed19700e7b396fbf4c7d5cf89203ff59af8406408a265
[19:09:46] [ingestion.payment_lookup] >> 
[19:09:46] [ingestion.payment_lookup] >> 
[19:09:46] [ingestion.payment_lookup] >> Starting the ingestion...
[19:09:46] [ingestion.payment_lookup] >> --- Extract _60911f862bb3aa6c321ed19700e7tsjyxa4c7d5cf89203ff59af8406408a265 ---
[19:09:46] [ingestion.payment_lookup] >> Resources: 0/1 (0.0%) | Time: 0.00s | Rate: 0.00/s
[19:09:46] [ingestion.payment_lookup] >> Memory usage: 229.61 MB (5.20%) | CPU usage: 0.00%
[19:09:46] [ingestion.payment_lookup] >> 
[19:09:47] [ingestion.payment_lookup] >> --- Extract _60911f862bb3aa6c321ed19700e7tsjyxa4c7d5cf89203ff59af8406408a265 ---
[19:09:47] [ingestion.payment_lookup] >> Resources: 0/1 (0.0%) | Time: 0.00s | Rate: 0.00/s
[19:09:47] [ingestion.payment_lookup] >> payment_lookup: 7  | Time: 0.00s | Rate: 1957341.87/s
[19:09:47] [ingestion.payment_lookup] >> Memory usage: 229.61 MB (5.20%) | CPU usage: 0.00%
[19:09:47] [ingestion.payment_lookup] >> 
[19:09:47] [ingestion.payment_lookup] >> --- Extract _60911f862bb3aa6c321ed19700e7tsjyxa4c7d5cf89203ff59af8406408a265 ---
[19:09:47] [ingestion.payment_lookup] >> Resources: 1/1 (100.0%) | Time: 0.02s | Rate: 60.19/s
[19:09:47] [ingestion.payment_lookup] >> payment_lookup: 7  | Time: 0.01s | Rate: 589.19/s
[19:09:47] [ingestion.payment_lookup] >> Memory usage: 229.61 MB (5.20%) | CPU usage: 0.00%
[19:09:47] [ingestion.payment_lookup] >> 
[19:09:47] [ingestion.payment_lookup] >>  Normalize _60911f862bb3aa6c321ed19700e7tsjyxa4c7d5cf89203ff59af8406408a265 in 1772327386.9935415 
[19:09:47] [ingestion.payment_lookup] >> Files: 0/1 (0.0%) | Time: 0.00s | Rate: 0.00/s
[19:09:47] [ingestion.payment_lookup] >> Memory usage: 229.98 MB (5.20%) | CPU usage: 0.00%
[19:09:47] [ingestion.payment_lookup] >> 
[19:09:47] [ingestion.payment_lookup] >>  Normalize _60911f862bb3aa6c321ed19700e7tsjyxa4c7d5cf89203ff59af8406408a265 in 1772327386.9935415 
[19:09:47] [ingestion.payment_lookup] >> Files: 0/1 (0.0%) | Time: 0.00s | Rate: 0.00/s
[19:09:47] [ingestion.payment_lookup] >> Items: 0  | Time: 0.00s | Rate: 0.00/s
[19:09:47] [ingestion.payment_lookup] >> Memory usage: 229.98 MB (5.20%) | CPU usage: 0.00%
[19:09:47] [ingestion.payment_lookup] >> 
[19:09:47] [ingestion.payment_lookup] >>  Normalize _60911f862bb3aa6c321ed19700e7tsjyxa4c7d5cf89203ff59af8406408a265 in 1772327386.9935415 
[19:09:47] [ingestion.payment_lookup] >> Files: 1/1 (100.0%) | Time: 0.01s | Rate: 81.47/s
[19:09:47] [ingestion.payment_lookup] >> Items: 7  | Time: 0.01s | Rate: 593.77/s
[19:09:47] [ingestion.payment_lookup] >> Memory usage: 233.11 MB (5.20%) | CPU usage: 0.00%
[19:09:47] [ingestion.payment_lookup] >> 
[19:09:47] [ingestion.payment_lookup] >>  Load _60911f862bb3aa6c321ed19700e7tsjyxa4c7d5cf89203ff59af8406408a265 in 1772327386.9935415 
[19:09:47] [ingestion.payment_lookup] >> Jobs: 0/1 (0.0%) | Time: 0.00s | Rate: 0.00/s
[19:09:47] [ingestion.payment_lookup] >> Memory usage: 233.36 MB (5.20%) | CPU usage: 0.00%
[19:09:47] [ingestion.payment_lookup] >> 
[19:09:47] [ingestion.payment_lookup] >>  Load _60911f862bb3aa6c321ed19700e7tsjyxa4c7d5cf89203ff59af8406408a265 in 1772327386.9935415 
[19:09:47] [ingestion.payment_lookup] >> Jobs: 1/1 (100.0%) | Time: 0.18s | Rate: 5.46/s
[19:09:47] [ingestion.payment_lookup] >> Memory usage: 240.76 MB (5.20%) | CPU usage: 0.00%
[19:09:47] [ingestion.payment_lookup] >> 
[19:09:47] [ingestion.payment_lookup] >> Successfully finished loading data from 'csv' to 'duckdb' in 0.39 seconds 
[19:09:47] [ingestion.payment_lookup] >> 
[19:09:48] Finished: ingestion.payment_lookup (3.468s)
[19:09:48] Running:  ingestion.payment_lookup:payment_type_name:not_null
[19:09:48] Running:  ingestion.payment_lookup:payment_type_id:unique
[19:09:48] Running:  ingestion.payment_lookup:payment_type_id:not_null
[19:09:48] Finished: ingestion.payment_lookup:payment_type_name:not_null (22ms)
[19:09:48] Finished: ingestion.payment_lookup:payment_type_id:not_null (41ms)
[19:09:48] Finished: ingestion.payment_lookup:payment_type_id:unique (67ms)
[19:09:55] [ingestion.trips] >> Loading https://d37ci6vzurychx.cloudfront.net/trip-data/yellow_tripdata_2022-02.parquet
[19:10:10] [ingestion.trips] Successfully collected the data from the asset, uploading to the destination...
[19:10:13] [ingestion.trips] >> 2026-02-28 19:10:13,950|[WARNING]|68783|129344097130304|dlt|reference.py|__init__:76|When initializing destination factory of type dlt.destinations.duckdb, argument dest_table is not a valid field in DuckDbClientConfiguration or destination capabilities
[19:10:13] [ingestion.trips] >> 2026-02-28 19:10:13,950|[WARNING]|68783|129344097130304|dlt|reference.py|__init__:76|When initializing destination factory of type dlt.destinations.duckdb, argument staging_bucket is not a valid field in DuckDbClientConfiguration or destination capabilities
[19:10:13] [ingestion.trips] >> 
[19:10:13] [ingestion.trips] >> Initiated the pipeline with the following:
[19:10:13] [ingestion.trips] >>   Source: mmap / asset_data
[19:10:13] [ingestion.trips] >>   Destination: duckdb / ingestion.trips
[19:10:13] [ingestion.trips] >>   Incremental Strategy: append
[19:10:13] [ingestion.trips] >>   Incremental Key: None
[19:10:13] [ingestion.trips] >>   Primary Key: None
[19:10:13] [ingestion.trips] >>   Pipeline ID: 1c640cda117b412bfd31f8d0ccfbc1825fdd42b287add7c24115163f8e9aced4
[19:10:13] [ingestion.trips] >> 
[19:10:13] [ingestion.trips] >> 
[19:10:13] [ingestion.trips] >> Starting the ingestion...
[19:10:17] [ingestion.trips] >> --- Extract _1c640cda117b412bfd31f8d0ccfbdalikqd42b287add7c24115163f8e9aced4 ---
[19:10:17] [ingestion.trips] >> Resources: 0/1 (0.0%) | Time: 0.00s | Rate: 0.00/s
[19:10:17] [ingestion.trips] >> Memory usage: 229.67 MB (4.90%) | CPU usage: 0.00%
[19:10:17] [ingestion.trips] >> 
[19:10:17] [ingestion.trips] >> --- Extract _1c640cda117b412bfd31f8d0ccfbdalikqd42b287add7c24115163f8e9aced4 ---
[19:10:17] [ingestion.trips] >> Resources: 0/1 (0.0%) | Time: 2.14s | Rate: 0.00/s
[19:10:17] [ingestion.trips] >> trips: 5443362  | Time: 0.00s | Rate: 713472344064.00/s
[19:10:17] [ingestion.trips] >> Memory usage: 1156.95 MB (5.50%) | CPU usage: 0.00%
[19:10:17] [ingestion.trips] >> 
[19:10:17] [ingestion.trips] >> --- Extract _1c640cda117b412bfd31f8d0ccfbdalikqd42b287add7c24115163f8e9aced4 ---
[19:10:17] [ingestion.trips] >> Resources: 1/1 (100.0%) | Time: 2.15s | Rate: 0.46/s
[19:10:17] [ingestion.trips] >> trips: 5443362  | Time: 0.01s | Rate: 380708937.97/s
[19:10:17] [ingestion.trips] >> Memory usage: 1073.90 MB (5.10%) | CPU usage: 0.00%
[19:10:17] [ingestion.trips] >> 
[19:10:17] [ingestion.trips] >>  Normalize _1c640cda117b412bfd31f8d0ccfbdalikqd42b287add7c24115163f8e9aced4 in 1772327414.0985866 
[19:10:17] [ingestion.trips] >> Files: 0/1 (0.0%) | Time: 0.00s | Rate: 0.00/s
[19:10:17] [ingestion.trips] >> Memory usage: 1074.15 MB (5.10%) | CPU usage: 0.00%
[19:10:17] [ingestion.trips] >> 
[19:10:17] [ingestion.trips] >>  Normalize _1c640cda117b412bfd31f8d0ccfbdalikqd42b287add7c24115163f8e9aced4 in 1772327414.0985866 
[19:10:17] [ingestion.trips] >> Files: 0/1 (0.0%) | Time: 0.00s | Rate: 0.00/s
[19:10:17] [ingestion.trips] >> Items: 0  | Time: 0.00s | Rate: 0.00/s
[19:10:17] [ingestion.trips] >> Memory usage: 1074.15 MB (5.10%) | CPU usage: 0.00%
[19:10:17] [ingestion.trips] >> 
[19:10:17] [ingestion.trips] >>  Normalize _1c640cda117b412bfd31f8d0ccfbdalikqd42b287add7c24115163f8e9aced4 in 1772327414.0985866 
[19:10:17] [ingestion.trips] >> Files: 1/1 (100.0%) | Time: 0.01s | Rate: 121.39/s
[19:10:17] [ingestion.trips] >> Items: 5443362  | Time: 0.01s | Rate: 679558145.37/s
[19:10:17] [ingestion.trips] >> Memory usage: 1074.15 MB (5.10%) | CPU usage: 0.00%
[19:10:17] [ingestion.trips] >> 
[19:10:17] [ingestion.trips] >>  Load _1c640cda117b412bfd31f8d0ccfbdalikqd42b287add7c24115163f8e9aced4 in 1772327414.0985866 
[19:10:17] [ingestion.trips] >> Jobs: 0/1 (0.0%) | Time: 0.00s | Rate: 0.00/s
[19:10:17] [ingestion.trips] >> Memory usage: 1075.27 MB (5.10%) | CPU usage: 0.00%
[19:10:17] [ingestion.trips] >> 
[19:10:17] [ingestion.trips] >>  Load _1c640cda117b412bfd31f8d0ccfbdalikqd42b287add7c24115163f8e9aced4 in 1772327414.0985866 
[19:10:17] [ingestion.trips] >> Jobs: 0/1 (0.0%) | Time: 1.38s | Rate: 0.00/s
[19:10:17] [ingestion.trips] >> Memory usage: 1447.09 MB (6.60%) | CPU usage: 0.00%
[19:10:17] [ingestion.trips] >> 
[19:10:17] [ingestion.trips] >>  Load _1c640cda117b412bfd31f8d0ccfbdalikqd42b287add7c24115163f8e9aced4 in 1772327414.0985866 
[19:10:17] [ingestion.trips] >> Jobs: 1/1 (100.0%) | Time: 1.50s | Rate: 0.67/s
[19:10:17] [ingestion.trips] >> Memory usage: 1090.32 MB (5.30%) | CPU usage: 0.00%
[19:10:17] [ingestion.trips] >> 
[19:10:17] [ingestion.trips] >> Successfully finished loading data from 'mmap' to 'duckdb' in 3.85 seconds 
[19:10:17] [ingestion.trips] >> 
[19:10:18] [ingestion.trips] Successfully loaded the data from the asset into the destination.
[19:10:18] Finished: ingestion.trips (31.742s)
[19:10:18] Running:  staging.trips
[19:10:18] Failed: staging.trips (58ms)

==================================================

PASS ingestion.payment_lookup ...
PASS ingestion.trips 
FAIL staging.trips UU
UPSTREAM FAILED reports.trips_report U


bruin run completed with failures in 31.801s

 ✗ Assets executed      1 failed / 2 succeeded / 1 skipped
 ✗ Quality checks       3 succeeded / 3 skipped


1 assets failed
└── staging.trips
    └── Internal: Catalog Error: Table with name trips does not exist!
        Did you mean "ingestion.trips"?
        
        LINE 2: DELETE FROM staging.trips WHERE pickup_datetime BETWEEN '2022-01-01T00:00:00.000000Z'...
                                              ^

