
Pipeline: nyc_taxi (..)
  No issues found

✓ Successfully validated 4 assets across 1 pipeline, all good.

Interval: 2022-01-01T00:00:00Z - 2022-02-01T00:00:00Z

Starting the pipeline execution...

[19:29:33] Running:  ingestion.payment_lookup
[19:29:33] Running:  ingestion.trips
[19:29:33] [ingestion.trips] >> Installed 1 package in 24ms
[19:29:33] [ingestion.trips] >> Loading https://d37ci6vzurychx.cloudfront.net/trip-data/yellow_tripdata_2022-01.parquet
[19:29:34] [ingestion.payment_lookup] >> 2026-02-28 19:29:34,517|[WARNING]|72059|133215825860416|dlt|reference.py|__init__:76|When initializing destination factory of type dlt.destinations.duckdb, argument dest_table is not a valid field in DuckDbClientConfiguration or destination capabilities
[19:29:34] [ingestion.payment_lookup] >> 2026-02-28 19:29:34,517|[WARNING]|72059|133215825860416|dlt|reference.py|__init__:76|When initializing destination factory of type dlt.destinations.duckdb, argument staging_bucket is not a valid field in DuckDbClientConfiguration or destination capabilities
[19:29:34] [ingestion.payment_lookup] >> 
[19:29:34] [ingestion.payment_lookup] >> Initiated the pipeline with the following:
[19:29:34] [ingestion.payment_lookup] >>   Source: csv / seed.raw
[19:29:34] [ingestion.payment_lookup] >>   Destination: duckdb / ingestion.payment_lookup
[19:29:34] [ingestion.payment_lookup] >>   Incremental Strategy: replace
[19:29:34] [ingestion.payment_lookup] >>   Incremental Key: None
[19:29:34] [ingestion.payment_lookup] >>   Primary Key: ['payment_type_id']
[19:29:34] [ingestion.payment_lookup] >>   Pipeline ID: 60911f862bb3aa6c321ed19700e7b396fbf4c7d5cf89203ff59af8406408a265
[19:29:34] [ingestion.payment_lookup] >> 
[19:29:34] [ingestion.payment_lookup] >> 
[19:29:34] [ingestion.payment_lookup] >> Starting the ingestion...
[19:29:34] [ingestion.payment_lookup] >> --- Extract _60911f862bb3aa6c321ed19700e7tsjyxa4c7d5cf89203ff59af8406408a265 ---
[19:29:34] [ingestion.payment_lookup] >> Resources: 0/1 (0.0%) | Time: 0.00s | Rate: 0.00/s
[19:29:34] [ingestion.payment_lookup] >> Memory usage: 227.22 MB (5.20%) | CPU usage: 0.00%
[19:29:34] [ingestion.payment_lookup] >> 
[19:29:34] [ingestion.payment_lookup] >> --- Extract _60911f862bb3aa6c321ed19700e7tsjyxa4c7d5cf89203ff59af8406408a265 ---
[19:29:34] [ingestion.payment_lookup] >> Resources: 0/1 (0.0%) | Time: 0.00s | Rate: 0.00/s
[19:29:34] [ingestion.payment_lookup] >> payment_lookup: 7  | Time: 0.00s | Rate: 2097152.00/s
[19:29:34] [ingestion.payment_lookup] >> Memory usage: 227.22 MB (5.20%) | CPU usage: 0.00%
[19:29:34] [ingestion.payment_lookup] >> 
[19:29:34] [ingestion.payment_lookup] >> --- Extract _60911f862bb3aa6c321ed19700e7tsjyxa4c7d5cf89203ff59af8406408a265 ---
[19:29:34] [ingestion.payment_lookup] >> Resources: 1/1 (100.0%) | Time: 0.02s | Rate: 62.31/s
[19:29:34] [ingestion.payment_lookup] >> payment_lookup: 7  | Time: 0.01s | Rate: 588.04/s
[19:29:34] [ingestion.payment_lookup] >> Memory usage: 227.22 MB (5.20%) | CPU usage: 0.00%
[19:29:34] [ingestion.payment_lookup] >> 
[19:29:34] [ingestion.payment_lookup] >>  Normalize _60911f862bb3aa6c321ed19700e7tsjyxa4c7d5cf89203ff59af8406408a265 in 1772328574.6619442 
[19:29:34] [ingestion.payment_lookup] >> Files: 0/1 (0.0%) | Time: 0.00s | Rate: 0.00/s
[19:29:34] [ingestion.payment_lookup] >> Memory usage: 227.59 MB (5.20%) | CPU usage: 0.00%
[19:29:34] [ingestion.payment_lookup] >> 
[19:29:34] [ingestion.payment_lookup] >>  Normalize _60911f862bb3aa6c321ed19700e7tsjyxa4c7d5cf89203ff59af8406408a265 in 1772328574.6619442 
[19:29:34] [ingestion.payment_lookup] >> Files: 0/1 (0.0%) | Time: 0.00s | Rate: 0.00/s
[19:29:34] [ingestion.payment_lookup] >> Items: 0  | Time: 0.00s | Rate: 0.00/s
[19:29:34] [ingestion.payment_lookup] >> Memory usage: 227.59 MB (5.20%) | CPU usage: 0.00%
[19:29:34] [ingestion.payment_lookup] >> 
[19:29:34] [ingestion.payment_lookup] >>  Normalize _60911f862bb3aa6c321ed19700e7tsjyxa4c7d5cf89203ff59af8406408a265 in 1772328574.6619442 
[19:29:34] [ingestion.payment_lookup] >> Files: 1/1 (100.0%) | Time: 0.01s | Rate: 99.11/s
[19:29:34] [ingestion.payment_lookup] >> Items: 7  | Time: 0.01s | Rate: 711.67/s
[19:29:34] [ingestion.payment_lookup] >> Memory usage: 230.59 MB (5.20%) | CPU usage: 0.00%
[19:29:34] [ingestion.payment_lookup] >> 
[19:29:34] [ingestion.payment_lookup] >>  Load _60911f862bb3aa6c321ed19700e7tsjyxa4c7d5cf89203ff59af8406408a265 in 1772328574.6619442 
[19:29:34] [ingestion.payment_lookup] >> Jobs: 0/1 (0.0%) | Time: 0.00s | Rate: 0.00/s
[19:29:34] [ingestion.payment_lookup] >> Memory usage: 230.84 MB (5.20%) | CPU usage: 0.00%
[19:29:34] [ingestion.payment_lookup] >> 
[19:29:35] [ingestion.payment_lookup] >>  Load _60911f862bb3aa6c321ed19700e7tsjyxa4c7d5cf89203ff59af8406408a265 in 1772328574.6619442 
[19:29:35] [ingestion.payment_lookup] >> Jobs: 1/1 (100.0%) | Time: 0.40s | Rate: 2.49/s
[19:29:35] [ingestion.payment_lookup] >> Memory usage: 236.82 MB (5.30%) | CPU usage: 0.00%
[19:29:35] [ingestion.payment_lookup] >> 
[19:29:35] [ingestion.payment_lookup] >> Successfully finished loading data from 'csv' to 'duckdb' in 0.61 seconds 
[19:29:35] [ingestion.payment_lookup] >> 
[19:29:36] Finished: ingestion.payment_lookup (2.985s)
[19:29:36] Running:  ingestion.payment_lookup:payment_type_name:not_null
[19:29:36] Running:  ingestion.payment_lookup:payment_type_id:not_null
[19:29:36] Running:  ingestion.payment_lookup:payment_type_id:unique
[19:29:36] Finished: ingestion.payment_lookup:payment_type_name:not_null (22ms)
[19:29:36] Finished: ingestion.payment_lookup:payment_type_id:unique (47ms)
[19:29:36] Finished: ingestion.payment_lookup:payment_type_id:not_null (69ms)
[19:29:45] [ingestion.trips] >> Loading https://d37ci6vzurychx.cloudfront.net/trip-data/yellow_tripdata_2022-02.parquet
[19:29:53] [ingestion.trips] Successfully collected the data from the asset, uploading to the destination...
[19:29:54] [ingestion.trips] >> 2026-02-28 19:29:54,548|[WARNING]|72219|127896247965504|dlt|reference.py|__init__:76|When initializing destination factory of type dlt.destinations.duckdb, argument dest_table is not a valid field in DuckDbClientConfiguration or destination capabilities
[19:29:54] [ingestion.trips] >> 2026-02-28 19:29:54,548|[WARNING]|72219|127896247965504|dlt|reference.py|__init__:76|When initializing destination factory of type dlt.destinations.duckdb, argument staging_bucket is not a valid field in DuckDbClientConfiguration or destination capabilities
[19:29:54] [ingestion.trips] >> 
[19:29:54] [ingestion.trips] >> Initiated the pipeline with the following:
[19:29:54] [ingestion.trips] >>   Source: mmap / asset_data
[19:29:54] [ingestion.trips] >>   Destination: duckdb / ingestion.trips
[19:29:54] [ingestion.trips] >>   Incremental Strategy: append
[19:29:54] [ingestion.trips] >>   Incremental Key: None
[19:29:54] [ingestion.trips] >>   Primary Key: None
[19:29:54] [ingestion.trips] >>   Pipeline ID: 1c640cda117b412bfd31f8d0ccfbc1825fdd42b287add7c24115163f8e9aced4
[19:29:54] [ingestion.trips] >> 
[19:29:54] [ingestion.trips] >> 
[19:29:54] [ingestion.trips] >> Starting the ingestion...
[19:29:59] [ingestion.trips] >> --- Extract _1c640cda117b412bfd31f8d0ccfbdalikqd42b287add7c24115163f8e9aced4 ---
[19:29:59] [ingestion.trips] >> Resources: 0/1 (0.0%) | Time: 0.00s | Rate: 0.00/s
[19:29:59] [ingestion.trips] >> Memory usage: 227.02 MB (4.90%) | CPU usage: 0.00%
[19:29:59] [ingestion.trips] >> 
[19:29:59] [ingestion.trips] >> --- Extract _1c640cda117b412bfd31f8d0ccfbdalikqd42b287add7c24115163f8e9aced4 ---
[19:29:59] [ingestion.trips] >> Resources: 0/1 (0.0%) | Time: 2.41s | Rate: 0.00/s
[19:29:59] [ingestion.trips] >> trips: 5443362  | Time: 0.00s | Rate: 736487580969.29/s
[19:29:59] [ingestion.trips] >> Memory usage: 1154.14 MB (5.50%) | CPU usage: 0.00%
[19:29:59] [ingestion.trips] >> 
[19:29:59] [ingestion.trips] >> --- Extract _1c640cda117b412bfd31f8d0ccfbdalikqd42b287add7c24115163f8e9aced4 ---
[19:29:59] [ingestion.trips] >> Resources: 1/1 (100.0%) | Time: 2.43s | Rate: 0.41/s
[19:29:59] [ingestion.trips] >> trips: 5443362  | Time: 0.01s | Rate: 365889116.97/s
[19:29:59] [ingestion.trips] >> Memory usage: 1071.09 MB (5.10%) | CPU usage: 0.00%
[19:29:59] [ingestion.trips] >> 
[19:29:59] [ingestion.trips] >>  Normalize _1c640cda117b412bfd31f8d0ccfbdalikqd42b287add7c24115163f8e9aced4 in 1772328594.7005825 
[19:29:59] [ingestion.trips] >> Files: 0/1 (0.0%) | Time: 0.00s | Rate: 0.00/s
[19:29:59] [ingestion.trips] >> Memory usage: 1071.84 MB (5.10%) | CPU usage: 0.00%
[19:29:59] [ingestion.trips] >> 
[19:29:59] [ingestion.trips] >>  Normalize _1c640cda117b412bfd31f8d0ccfbdalikqd42b287add7c24115163f8e9aced4 in 1772328594.7005825 
[19:29:59] [ingestion.trips] >> Files: 0/1 (0.0%) | Time: 0.00s | Rate: 0.00/s
[19:29:59] [ingestion.trips] >> Items: 0  | Time: 0.00s | Rate: 0.00/s
[19:29:59] [ingestion.trips] >> Memory usage: 1071.84 MB (5.10%) | CPU usage: 0.00%
[19:29:59] [ingestion.trips] >> 
[19:29:59] [ingestion.trips] >>  Normalize _1c640cda117b412bfd31f8d0ccfbdalikqd42b287add7c24115163f8e9aced4 in 1772328594.7005825 
[19:29:59] [ingestion.trips] >> Files: 1/1 (100.0%) | Time: 0.01s | Rate: 97.81/s
[19:29:59] [ingestion.trips] >> Items: 5443362  | Time: 0.01s | Rate: 546787570.59/s
[19:29:59] [ingestion.trips] >> Memory usage: 1072.34 MB (5.10%) | CPU usage: 0.00%
[19:29:59] [ingestion.trips] >> 
[19:29:59] [ingestion.trips] >>  Load _1c640cda117b412bfd31f8d0ccfbdalikqd42b287add7c24115163f8e9aced4 in 1772328594.7005825 
[19:29:59] [ingestion.trips] >> Jobs: 0/1 (0.0%) | Time: 0.00s | Rate: 0.00/s
[19:29:59] [ingestion.trips] >> Memory usage: 1072.59 MB (5.10%) | CPU usage: 0.00%
[19:29:59] [ingestion.trips] >> 
[19:29:59] [ingestion.trips] >>  Load _1c640cda117b412bfd31f8d0ccfbdalikqd42b287add7c24115163f8e9aced4 in 1772328594.7005825 
[19:29:59] [ingestion.trips] >> Jobs: 0/1 (0.0%) | Time: 1.55s | Rate: 0.00/s
[19:29:59] [ingestion.trips] >> Memory usage: 1443.41 MB (6.60%) | CPU usage: 0.00%
[19:29:59] [ingestion.trips] >> 
[19:29:59] [ingestion.trips] >>  Load _1c640cda117b412bfd31f8d0ccfbdalikqd42b287add7c24115163f8e9aced4 in 1772328594.7005825 
[19:29:59] [ingestion.trips] >> Jobs: 1/1 (100.0%) | Time: 1.86s | Rate: 0.54/s
[19:29:59] [ingestion.trips] >> Memory usage: 1084.02 MB (5.20%) | CPU usage: 0.00%
[19:29:59] [ingestion.trips] >> 
[19:29:59] [ingestion.trips] >> Successfully finished loading data from 'mmap' to 'duckdb' in 4.49 seconds 
[19:29:59] [ingestion.trips] >> 
[19:29:59] [ingestion.trips] Successfully loaded the data from the asset into the destination.
[19:30:00] Finished: ingestion.trips (25.463s)
[19:30:00] Running:  staging.trips
[19:30:00] Failed: staging.trips (61ms)

==================================================

PASS ingestion.payment_lookup ...
PASS ingestion.trips 
FAIL staging.trips UU
UPSTREAM FAILED reports.trips_report U


bruin run completed with failures in 25.525s

 ✗ Assets executed      1 failed / 2 succeeded / 1 skipped
 ✗ Quality checks       3 succeeded / 3 skipped


1 assets failed
└── staging.trips
    └── Internal: Catalog Error: Table with name trips does not exist!
        Did you mean "ingestion.trips"?
        
        LINE 2: DELETE FROM staging.trips WHERE pickup_datetime BETWEEN '2022-01-01T00:00:00.000000Z'...
                                              ^

