
Pipeline: nyc_taxi (..)
  No issues found

✓ Successfully validated 4 assets across 1 pipeline, all good.

Interval: 2022-01-01T00:00:00Z - 2022-02-01T00:00:00Z

Starting the pipeline execution...

[19:33:31] Running:  ingestion.trips
[19:33:31] Running:  ingestion.payment_lookup
[19:33:31] [ingestion.trips] >> Installed 1 package in 24ms
[19:33:31] [ingestion.trips] >> Loading https://d37ci6vzurychx.cloudfront.net/trip-data/yellow_tripdata_2022-01.parquet
[19:33:32] [ingestion.payment_lookup] >> 2026-02-28 19:33:32,958|[WARNING]|72490|125177433872192|dlt|reference.py|__init__:76|When initializing destination factory of type dlt.destinations.duckdb, argument dest_table is not a valid field in DuckDbClientConfiguration or destination capabilities
[19:33:32] [ingestion.payment_lookup] >> 2026-02-28 19:33:32,958|[WARNING]|72490|125177433872192|dlt|reference.py|__init__:76|When initializing destination factory of type dlt.destinations.duckdb, argument staging_bucket is not a valid field in DuckDbClientConfiguration or destination capabilities
[19:33:32] [ingestion.payment_lookup] >> 
[19:33:32] [ingestion.payment_lookup] >> Initiated the pipeline with the following:
[19:33:32] [ingestion.payment_lookup] >>   Source: csv / seed.raw
[19:33:32] [ingestion.payment_lookup] >>   Destination: duckdb / ingestion.payment_lookup
[19:33:32] [ingestion.payment_lookup] >>   Incremental Strategy: replace
[19:33:32] [ingestion.payment_lookup] >>   Incremental Key: None
[19:33:32] [ingestion.payment_lookup] >>   Primary Key: ['payment_type_id']
[19:33:32] [ingestion.payment_lookup] >>   Pipeline ID: 60911f862bb3aa6c321ed19700e7b396fbf4c7d5cf89203ff59af8406408a265
[19:33:32] [ingestion.payment_lookup] >> 
[19:33:32] [ingestion.payment_lookup] >> 
[19:33:32] [ingestion.payment_lookup] >> Starting the ingestion...
[19:33:33] [ingestion.payment_lookup] >> --- Extract _60911f862bb3aa6c321ed19700e7tsjyxa4c7d5cf89203ff59af8406408a265 ---
[19:33:33] [ingestion.payment_lookup] >> Resources: 0/1 (0.0%) | Time: 0.00s | Rate: 0.00/s
[19:33:33] [ingestion.payment_lookup] >> Memory usage: 227.34 MB (5.30%) | CPU usage: 0.00%
[19:33:33] [ingestion.payment_lookup] >> 
[19:33:33] [ingestion.payment_lookup] >> --- Extract _60911f862bb3aa6c321ed19700e7tsjyxa4c7d5cf89203ff59af8406408a265 ---
[19:33:33] [ingestion.payment_lookup] >> Resources: 0/1 (0.0%) | Time: 0.01s | Rate: 0.00/s
[19:33:33] [ingestion.payment_lookup] >> payment_lookup: 7  | Time: 0.00s | Rate: 652447.29/s
[19:33:33] [ingestion.payment_lookup] >> Memory usage: 227.34 MB (5.30%) | CPU usage: 0.00%
[19:33:33] [ingestion.payment_lookup] >> 
[19:33:33] [ingestion.payment_lookup] >> --- Extract _60911f862bb3aa6c321ed19700e7tsjyxa4c7d5cf89203ff59af8406408a265 ---
[19:33:33] [ingestion.payment_lookup] >> Resources: 1/1 (100.0%) | Time: 0.02s | Rate: 54.45/s
[19:33:33] [ingestion.payment_lookup] >> payment_lookup: 7  | Time: 0.01s | Rate: 562.91/s
[19:33:33] [ingestion.payment_lookup] >> Memory usage: 227.34 MB (5.30%) | CPU usage: 0.00%
[19:33:33] [ingestion.payment_lookup] >> 
[19:33:33] [ingestion.payment_lookup] >>  Normalize _60911f862bb3aa6c321ed19700e7tsjyxa4c7d5cf89203ff59af8406408a265 in 1772328813.1028204 
[19:33:33] [ingestion.payment_lookup] >> Files: 0/1 (0.0%) | Time: 0.00s | Rate: 0.00/s
[19:33:33] [ingestion.payment_lookup] >> Memory usage: 227.71 MB (5.30%) | CPU usage: 0.00%
[19:33:33] [ingestion.payment_lookup] >> 
[19:33:33] [ingestion.payment_lookup] >>  Normalize _60911f862bb3aa6c321ed19700e7tsjyxa4c7d5cf89203ff59af8406408a265 in 1772328813.1028204 
[19:33:33] [ingestion.payment_lookup] >> Files: 0/1 (0.0%) | Time: 0.00s | Rate: 0.00/s
[19:33:33] [ingestion.payment_lookup] >> Items: 0  | Time: 0.00s | Rate: 0.00/s
[19:33:33] [ingestion.payment_lookup] >> Memory usage: 227.71 MB (5.30%) | CPU usage: 0.00%
[19:33:33] [ingestion.payment_lookup] >> 
[19:33:33] [ingestion.payment_lookup] >>  Normalize _60911f862bb3aa6c321ed19700e7tsjyxa4c7d5cf89203ff59af8406408a265 in 1772328813.1028204 
[19:33:33] [ingestion.payment_lookup] >> Files: 1/1 (100.0%) | Time: 0.01s | Rate: 73.47/s
[19:33:33] [ingestion.payment_lookup] >> Items: 7  | Time: 0.01s | Rate: 525.58/s
[19:33:33] [ingestion.payment_lookup] >> Memory usage: 230.71 MB (5.30%) | CPU usage: 0.00%
[19:33:33] [ingestion.payment_lookup] >> 
[19:33:33] [ingestion.payment_lookup] >>  Load _60911f862bb3aa6c321ed19700e7tsjyxa4c7d5cf89203ff59af8406408a265 in 1772328813.1028204 
[19:33:33] [ingestion.payment_lookup] >> Jobs: 0/1 (0.0%) | Time: 0.00s | Rate: 0.00/s
[19:33:33] [ingestion.payment_lookup] >> Memory usage: 230.96 MB (5.30%) | CPU usage: 0.00%
[19:33:33] [ingestion.payment_lookup] >> 
[19:33:33] [ingestion.payment_lookup] >>  Load _60911f862bb3aa6c321ed19700e7tsjyxa4c7d5cf89203ff59af8406408a265 in 1772328813.1028204 
[19:33:33] [ingestion.payment_lookup] >> Jobs: 1/1 (100.0%) | Time: 0.42s | Rate: 2.37/s
[19:33:33] [ingestion.payment_lookup] >> Memory usage: 238.11 MB (5.30%) | CPU usage: 0.00%
[19:33:33] [ingestion.payment_lookup] >> 
[19:33:33] [ingestion.payment_lookup] >> Successfully finished loading data from 'csv' to 'duckdb' in 0.64 seconds 
[19:33:33] [ingestion.payment_lookup] >> 
[19:33:34] Finished: ingestion.payment_lookup (3.066s)
[19:33:34] Running:  ingestion.payment_lookup:payment_type_name:not_null
[19:33:34] Running:  ingestion.payment_lookup:payment_type_id:not_null
[19:33:34] Running:  ingestion.payment_lookup:payment_type_id:unique
[19:33:34] Finished: ingestion.payment_lookup:payment_type_name:not_null (21ms)
[19:33:34] Finished: ingestion.payment_lookup:payment_type_id:not_null (42ms)
[19:33:34] Finished: ingestion.payment_lookup:payment_type_id:unique (68ms)
[19:33:43] [ingestion.trips] >> Loading https://d37ci6vzurychx.cloudfront.net/trip-data/yellow_tripdata_2022-02.parquet
[19:33:51] [ingestion.trips] Successfully collected the data from the asset, uploading to the destination...
[19:33:52] [ingestion.trips] >> 2026-02-28 19:33:52,616|[WARNING]|72653|131682585192256|dlt|reference.py|__init__:76|When initializing destination factory of type dlt.destinations.duckdb, argument dest_table is not a valid field in DuckDbClientConfiguration or destination capabilities
[19:33:52] [ingestion.trips] >> 2026-02-28 19:33:52,617|[WARNING]|72653|131682585192256|dlt|reference.py|__init__:76|When initializing destination factory of type dlt.destinations.duckdb, argument staging_bucket is not a valid field in DuckDbClientConfiguration or destination capabilities
[19:33:52] [ingestion.trips] >> 
[19:33:52] [ingestion.trips] >> Initiated the pipeline with the following:
[19:33:52] [ingestion.trips] >>   Source: mmap / asset_data
[19:33:52] [ingestion.trips] >>   Destination: duckdb / ingestion.trips
[19:33:52] [ingestion.trips] >>   Incremental Strategy: append
[19:33:52] [ingestion.trips] >>   Incremental Key: None
[19:33:52] [ingestion.trips] >>   Primary Key: None
[19:33:52] [ingestion.trips] >>   Pipeline ID: 1c640cda117b412bfd31f8d0ccfbc1825fdd42b287add7c24115163f8e9aced4
[19:33:52] [ingestion.trips] >> 
[19:33:52] [ingestion.trips] >> 
[19:33:52] [ingestion.trips] >> Starting the ingestion...
[19:33:58] [ingestion.trips] >> --- Extract _1c640cda117b412bfd31f8d0ccfbdalikqd42b287add7c24115163f8e9aced4 ---
[19:33:58] [ingestion.trips] >> Resources: 0/1 (0.0%) | Time: 0.00s | Rate: 0.00/s
[19:33:58] [ingestion.trips] >> Memory usage: 227.23 MB (4.90%) | CPU usage: 0.00%
[19:33:58] [ingestion.trips] >> 
[19:33:58] [ingestion.trips] >> --- Extract _1c640cda117b412bfd31f8d0ccfbdalikqd42b287add7c24115163f8e9aced4 ---
[19:33:58] [ingestion.trips] >> Resources: 0/1 (0.0%) | Time: 2.10s | Rate: 0.00/s
[19:33:58] [ingestion.trips] >> trips: 5443362  | Time: 0.00s | Rate: 652317571715.66/s
[19:33:58] [ingestion.trips] >> Memory usage: 1154.26 MB (5.50%) | CPU usage: 0.00%
[19:33:58] [ingestion.trips] >> 
[19:33:58] [ingestion.trips] >> --- Extract _1c640cda117b412bfd31f8d0ccfbdalikqd42b287add7c24115163f8e9aced4 ---
[19:33:58] [ingestion.trips] >> Resources: 1/1 (100.0%) | Time: 2.11s | Rate: 0.47/s
[19:33:58] [ingestion.trips] >> trips: 5443362  | Time: 0.01s | Rate: 380651811.63/s
[19:33:58] [ingestion.trips] >> Memory usage: 1071.21 MB (5.10%) | CPU usage: 0.00%
[19:33:58] [ingestion.trips] >> 
[19:33:58] [ingestion.trips] >>  Normalize _1c640cda117b412bfd31f8d0ccfbdalikqd42b287add7c24115163f8e9aced4 in 1772328832.789585 
[19:33:58] [ingestion.trips] >> Files: 0/1 (0.0%) | Time: 0.00s | Rate: 0.00/s
[19:33:58] [ingestion.trips] >> Memory usage: 1071.84 MB (5.10%) | CPU usage: 0.00%
[19:33:58] [ingestion.trips] >> 
[19:33:58] [ingestion.trips] >>  Normalize _1c640cda117b412bfd31f8d0ccfbdalikqd42b287add7c24115163f8e9aced4 in 1772328832.789585 
[19:33:58] [ingestion.trips] >> Files: 0/1 (0.0%) | Time: 0.00s | Rate: 0.00/s
[19:33:58] [ingestion.trips] >> Items: 0  | Time: 0.00s | Rate: 0.00/s
[19:33:58] [ingestion.trips] >> Memory usage: 1071.84 MB (5.10%) | CPU usage: 0.00%
[19:33:58] [ingestion.trips] >> 
[19:33:58] [ingestion.trips] >>  Normalize _1c640cda117b412bfd31f8d0ccfbdalikqd42b287add7c24115163f8e9aced4 in 1772328832.789585 
[19:33:58] [ingestion.trips] >> Files: 1/1 (100.0%) | Time: 0.01s | Rate: 123.05/s
[19:33:58] [ingestion.trips] >> Items: 5443362  | Time: 0.01s | Rate: 690596340.29/s
[19:33:58] [ingestion.trips] >> Memory usage: 1072.34 MB (5.10%) | CPU usage: 0.00%
[19:33:58] [ingestion.trips] >> 
[19:33:58] [ingestion.trips] >>  Load _1c640cda117b412bfd31f8d0ccfbdalikqd42b287add7c24115163f8e9aced4 in 1772328832.789585 
[19:33:58] [ingestion.trips] >> Jobs: 0/1 (0.0%) | Time: 0.00s | Rate: 0.00/s
[19:33:58] [ingestion.trips] >> Memory usage: 1072.59 MB (5.10%) | CPU usage: 0.00%
[19:33:58] [ingestion.trips] >> 
[19:33:58] [ingestion.trips] >>  Load _1c640cda117b412bfd31f8d0ccfbdalikqd42b287add7c24115163f8e9aced4 in 1772328832.789585 
[19:33:58] [ingestion.trips] >> Jobs: 0/1 (0.0%) | Time: 2.82s | Rate: 0.00/s
[19:33:58] [ingestion.trips] >> Memory usage: 1446.82 MB (6.70%) | CPU usage: 0.00%
[19:33:58] [ingestion.trips] >> 
[19:33:58] [ingestion.trips] >>  Load _1c640cda117b412bfd31f8d0ccfbdalikqd42b287add7c24115163f8e9aced4 in 1772328832.789585 
[19:33:58] [ingestion.trips] >> Jobs: 1/1 (100.0%) | Time: 3.11s | Rate: 0.32/s
[19:33:58] [ingestion.trips] >> Memory usage: 1079.56 MB (5.20%) | CPU usage: 0.00%
[19:33:58] [ingestion.trips] >> 
[19:33:58] [ingestion.trips] >> Successfully finished loading data from 'mmap' to 'duckdb' in 5.42 seconds 
[19:33:58] [ingestion.trips] >> 
[19:33:58] [ingestion.trips] Successfully loaded the data from the asset into the destination.
[19:33:58] Finished: ingestion.trips (25.85s)
[19:33:58] Running:  staging.trips
[19:33:59] Failed: staging.trips (54ms)

==================================================

PASS ingestion.payment_lookup ...
PASS ingestion.trips 
FAIL staging.trips UU
UPSTREAM FAILED reports.trips_report U


bruin run completed with failures in 25.905s

 ✗ Assets executed      1 failed / 2 succeeded / 1 skipped
 ✗ Quality checks       3 succeeded / 3 skipped


1 assets failed
└── staging.trips
    └── Internal: Catalog Error: Table with name trips does not exist!
        Did you mean "ingestion.trips"?
        
        LINE 2: DELETE FROM staging.trips WHERE pickup_datetime BETWEEN '2022-01-01T00:00:00.000000Z'...
                                              ^

