
Pipeline: nyc_taxi (..)
  No issues found

✓ Successfully validated 4 assets across 1 pipeline, all good.

Interval: 2022-01-01T00:00:00Z - 2022-02-01T00:00:00Z

Starting the pipeline execution...

[19:16:46] Running:  ingestion.trips
[19:16:46] Running:  ingestion.payment_lookup
[19:16:46] [ingestion.trips] >> Installed 1 package in 29ms
[19:16:47] [ingestion.trips] >> Loading https://d37ci6vzurychx.cloudfront.net/trip-data/yellow_tripdata_2022-01.parquet
[19:16:49] [ingestion.payment_lookup] >> 2026-02-28 19:16:49,537|[WARNING]|69054|124320226326336|dlt|reference.py|__init__:76|When initializing destination factory of type dlt.destinations.duckdb, argument dest_table is not a valid field in DuckDbClientConfiguration or destination capabilities
[19:16:49] [ingestion.payment_lookup] >> 2026-02-28 19:16:49,537|[WARNING]|69054|124320226326336|dlt|reference.py|__init__:76|When initializing destination factory of type dlt.destinations.duckdb, argument staging_bucket is not a valid field in DuckDbClientConfiguration or destination capabilities
[19:16:49] [ingestion.payment_lookup] >> 
[19:16:49] [ingestion.payment_lookup] >> Initiated the pipeline with the following:
[19:16:49] [ingestion.payment_lookup] >>   Source: csv / seed.raw
[19:16:49] [ingestion.payment_lookup] >>   Destination: duckdb / ingestion.payment_lookup
[19:16:49] [ingestion.payment_lookup] >>   Incremental Strategy: replace
[19:16:49] [ingestion.payment_lookup] >>   Incremental Key: None
[19:16:49] [ingestion.payment_lookup] >>   Primary Key: ['payment_type_id']
[19:16:49] [ingestion.payment_lookup] >>   Pipeline ID: 60911f862bb3aa6c321ed19700e7b396fbf4c7d5cf89203ff59af8406408a265
[19:16:49] [ingestion.payment_lookup] >> 
[19:16:49] [ingestion.payment_lookup] >> 
[19:16:49] [ingestion.payment_lookup] >> Starting the ingestion...
[19:16:49] [ingestion.payment_lookup] >> --- Extract _60911f862bb3aa6c321ed19700e7tsjyxa4c7d5cf89203ff59af8406408a265 ---
[19:16:49] [ingestion.payment_lookup] >> Resources: 0/1 (0.0%) | Time: 0.00s | Rate: 0.00/s
[19:16:49] [ingestion.payment_lookup] >> Memory usage: 225.90 MB (5.30%) | CPU usage: 0.00%
[19:16:49] [ingestion.payment_lookup] >> 
[19:16:49] [ingestion.payment_lookup] >> --- Extract _60911f862bb3aa6c321ed19700e7tsjyxa4c7d5cf89203ff59af8406408a265 ---
[19:16:49] [ingestion.payment_lookup] >> Resources: 0/1 (0.0%) | Time: 0.00s | Rate: 0.00/s
[19:16:49] [ingestion.payment_lookup] >> payment_lookup: 7  | Time: 0.00s | Rate: 1631118.22/s
[19:16:49] [ingestion.payment_lookup] >> Memory usage: 225.90 MB (5.30%) | CPU usage: 0.00%
[19:16:49] [ingestion.payment_lookup] >> 
[19:16:49] [ingestion.payment_lookup] >> --- Extract _60911f862bb3aa6c321ed19700e7tsjyxa4c7d5cf89203ff59af8406408a265 ---
[19:16:49] [ingestion.payment_lookup] >> Resources: 1/1 (100.0%) | Time: 0.02s | Rate: 60.46/s
[19:16:49] [ingestion.payment_lookup] >> payment_lookup: 7  | Time: 0.01s | Rate: 583.34/s
[19:16:49] [ingestion.payment_lookup] >> Memory usage: 225.90 MB (5.30%) | CPU usage: 0.00%
[19:16:49] [ingestion.payment_lookup] >> 
[19:16:49] [ingestion.payment_lookup] >>  Normalize _60911f862bb3aa6c321ed19700e7tsjyxa4c7d5cf89203ff59af8406408a265 in 1772327809.7006783 
[19:16:49] [ingestion.payment_lookup] >> Files: 0/1 (0.0%) | Time: 0.00s | Rate: 0.00/s
[19:16:49] [ingestion.payment_lookup] >> Memory usage: 226.40 MB (5.30%) | CPU usage: 0.00%
[19:16:49] [ingestion.payment_lookup] >> 
[19:16:49] [ingestion.payment_lookup] >>  Normalize _60911f862bb3aa6c321ed19700e7tsjyxa4c7d5cf89203ff59af8406408a265 in 1772327809.7006783 
[19:16:49] [ingestion.payment_lookup] >> Files: 0/1 (0.0%) | Time: 0.00s | Rate: 0.00/s
[19:16:49] [ingestion.payment_lookup] >> Items: 0  | Time: 0.00s | Rate: 0.00/s
[19:16:49] [ingestion.payment_lookup] >> Memory usage: 226.40 MB (5.30%) | CPU usage: 0.00%
[19:16:49] [ingestion.payment_lookup] >> 
[19:16:49] [ingestion.payment_lookup] >>  Normalize _60911f862bb3aa6c321ed19700e7tsjyxa4c7d5cf89203ff59af8406408a265 in 1772327809.7006783 
[19:16:49] [ingestion.payment_lookup] >> Files: 1/1 (100.0%) | Time: 0.02s | Rate: 49.36/s
[19:16:49] [ingestion.payment_lookup] >> Items: 7  | Time: 0.02s | Rate: 350.18/s
[19:16:49] [ingestion.payment_lookup] >> Memory usage: 229.28 MB (5.30%) | CPU usage: 0.00%
[19:16:49] [ingestion.payment_lookup] >> 
[19:16:49] [ingestion.payment_lookup] >>  Load _60911f862bb3aa6c321ed19700e7tsjyxa4c7d5cf89203ff59af8406408a265 in 1772327809.7006783 
[19:16:49] [ingestion.payment_lookup] >> Jobs: 0/1 (0.0%) | Time: 0.00s | Rate: 0.00/s
[19:16:49] [ingestion.payment_lookup] >> Memory usage: 229.53 MB (5.30%) | CPU usage: 0.00%
[19:16:49] [ingestion.payment_lookup] >> 
[19:16:49] [ingestion.payment_lookup] >>  Load _60911f862bb3aa6c321ed19700e7tsjyxa4c7d5cf89203ff59af8406408a265 in 1772327809.7006783 
[19:16:49] [ingestion.payment_lookup] >> Jobs: 1/1 (100.0%) | Time: 0.20s | Rate: 5.00/s
[19:16:49] [ingestion.payment_lookup] >> Memory usage: 239.36 MB (5.30%) | CPU usage: 0.00%
[19:16:49] [ingestion.payment_lookup] >> 
[19:16:49] [ingestion.payment_lookup] >> Successfully finished loading data from 'csv' to 'duckdb' in 0.43 seconds 
[19:16:49] [ingestion.payment_lookup] >> 
[19:16:56] Finished: ingestion.payment_lookup (9.513s)
[19:16:56] Running:  ingestion.payment_lookup:payment_type_name:not_null
[19:16:56] Running:  ingestion.payment_lookup:payment_type_id:not_null
[19:16:56] Running:  ingestion.payment_lookup:payment_type_id:unique
[19:16:56] Finished: ingestion.payment_lookup:payment_type_name:not_null (31ms)
[19:16:56] Finished: ingestion.payment_lookup:payment_type_id:unique (62ms)
[19:16:56] Finished: ingestion.payment_lookup:payment_type_id:not_null (83ms)
[19:16:58] [ingestion.trips] >> Loading https://d37ci6vzurychx.cloudfront.net/trip-data/yellow_tripdata_2022-02.parquet
[19:17:06] [ingestion.trips] Successfully collected the data from the asset, uploading to the destination...
[19:17:07] [ingestion.trips] >> 2026-02-28 19:17:07,881|[WARNING]|69222|127599328003904|dlt|reference.py|__init__:76|When initializing destination factory of type dlt.destinations.duckdb, argument dest_table is not a valid field in DuckDbClientConfiguration or destination capabilities
[19:17:07] [ingestion.trips] >> 2026-02-28 19:17:07,881|[WARNING]|69222|127599328003904|dlt|reference.py|__init__:76|When initializing destination factory of type dlt.destinations.duckdb, argument staging_bucket is not a valid field in DuckDbClientConfiguration or destination capabilities
[19:17:07] [ingestion.trips] >> 
[19:17:07] [ingestion.trips] >> Initiated the pipeline with the following:
[19:17:07] [ingestion.trips] >>   Source: mmap / asset_data
[19:17:07] [ingestion.trips] >>   Destination: duckdb / ingestion.trips
[19:17:07] [ingestion.trips] >>   Incremental Strategy: append
[19:17:07] [ingestion.trips] >>   Incremental Key: None
[19:17:07] [ingestion.trips] >>   Primary Key: None
[19:17:07] [ingestion.trips] >>   Pipeline ID: 1c640cda117b412bfd31f8d0ccfbc1825fdd42b287add7c24115163f8e9aced4
[19:17:07] [ingestion.trips] >> 
[19:17:07] [ingestion.trips] >> 
[19:17:07] [ingestion.trips] >> Starting the ingestion...
[19:17:11] [ingestion.trips] >> --- Extract _1c640cda117b412bfd31f8d0ccfbdalikqd42b287add7c24115163f8e9aced4 ---
[19:17:11] [ingestion.trips] >> Resources: 0/1 (0.0%) | Time: 0.00s | Rate: 0.00/s
[19:17:11] [ingestion.trips] >> Memory usage: 227.03 MB (4.90%) | CPU usage: 0.00%
[19:17:11] [ingestion.trips] >> 
[19:17:11] [ingestion.trips] >> --- Extract _1c640cda117b412bfd31f8d0ccfbdalikqd42b287add7c24115163f8e9aced4 ---
[19:17:11] [ingestion.trips] >> Resources: 0/1 (0.0%) | Time: 2.23s | Rate: 0.00/s
[19:17:11] [ingestion.trips] >> trips: 5443362  | Time: 0.00s | Rate: 585413205385.85/s
[19:17:11] [ingestion.trips] >> Memory usage: 1154.02 MB (5.40%) | CPU usage: 0.00%
[19:17:11] [ingestion.trips] >> 
[19:17:11] [ingestion.trips] >> --- Extract _1c640cda117b412bfd31f8d0ccfbdalikqd42b287add7c24115163f8e9aced4 ---
[19:17:11] [ingestion.trips] >> Resources: 1/1 (100.0%) | Time: 2.25s | Rate: 0.45/s
[19:17:11] [ingestion.trips] >> trips: 5443362  | Time: 0.01s | Rate: 365941897.90/s
[19:17:11] [ingestion.trips] >> Memory usage: 1070.97 MB (5.10%) | CPU usage: 0.00%
[19:17:11] [ingestion.trips] >> 
[19:17:11] [ingestion.trips] >>  Normalize _1c640cda117b412bfd31f8d0ccfbdalikqd42b287add7c24115163f8e9aced4 in 1772327828.0391102 
[19:17:11] [ingestion.trips] >> Files: 0/1 (0.0%) | Time: 0.00s | Rate: 0.00/s
[19:17:11] [ingestion.trips] >> Memory usage: 1071.22 MB (5.10%) | CPU usage: 0.00%
[19:17:11] [ingestion.trips] >> 
[19:17:11] [ingestion.trips] >>  Normalize _1c640cda117b412bfd31f8d0ccfbdalikqd42b287add7c24115163f8e9aced4 in 1772327828.0391102 
[19:17:11] [ingestion.trips] >> Files: 0/1 (0.0%) | Time: 0.00s | Rate: 0.00/s
[19:17:11] [ingestion.trips] >> Items: 0  | Time: 0.00s | Rate: 0.00/s
[19:17:11] [ingestion.trips] >> Memory usage: 1071.22 MB (5.10%) | CPU usage: 0.00%
[19:17:11] [ingestion.trips] >> 
[19:17:11] [ingestion.trips] >>  Normalize _1c640cda117b412bfd31f8d0ccfbdalikqd42b287add7c24115163f8e9aced4 in 1772327828.0391102 
[19:17:11] [ingestion.trips] >> Files: 1/1 (100.0%) | Time: 0.01s | Rate: 110.66/s
[19:17:11] [ingestion.trips] >> Items: 5443362  | Time: 0.01s | Rate: 619989545.42/s
[19:17:11] [ingestion.trips] >> Memory usage: 1071.22 MB (5.10%) | CPU usage: 0.00%
[19:17:11] [ingestion.trips] >> 
[19:17:11] [ingestion.trips] >>  Load _1c640cda117b412bfd31f8d0ccfbdalikqd42b287add7c24115163f8e9aced4 in 1772327828.0391102 
[19:17:11] [ingestion.trips] >> Jobs: 0/1 (0.0%) | Time: 0.00s | Rate: 0.00/s
[19:17:11] [ingestion.trips] >> Memory usage: 1072.47 MB (5.10%) | CPU usage: 0.00%
[19:17:11] [ingestion.trips] >> 
[19:17:11] [ingestion.trips] >>  Load _1c640cda117b412bfd31f8d0ccfbdalikqd42b287add7c24115163f8e9aced4 in 1772327828.0391102 
[19:17:11] [ingestion.trips] >> Jobs: 0/1 (0.0%) | Time: 1.33s | Rate: 0.00/s
[19:17:11] [ingestion.trips] >> Memory usage: 1449.50 MB (6.50%) | CPU usage: 0.00%
[19:17:11] [ingestion.trips] >> 
[19:17:11] [ingestion.trips] >>  Load _1c640cda117b412bfd31f8d0ccfbdalikqd42b287add7c24115163f8e9aced4 in 1772327828.0391102 
[19:17:11] [ingestion.trips] >> Jobs: 1/1 (100.0%) | Time: 1.48s | Rate: 0.67/s
[19:17:11] [ingestion.trips] >> Memory usage: 1083.36 MB (5.20%) | CPU usage: 0.00%
[19:17:11] [ingestion.trips] >> 
[19:17:11] [ingestion.trips] >> Successfully finished loading data from 'mmap' to 'duckdb' in 3.93 seconds 
[19:17:11] [ingestion.trips] >> 
[19:17:12] [ingestion.trips] Successfully loaded the data from the asset into the destination.
[19:17:12] Finished: ingestion.trips (24.759s)
[19:17:12] Running:  staging.trips
[19:17:13] Failed: staging.trips (94ms)

==================================================

PASS ingestion.payment_lookup ...
PASS ingestion.trips 
FAIL staging.trips U
UPSTREAM FAILED reports.trips_report U


bruin run completed with failures in 24.855s

 ✗ Assets executed      1 failed / 2 succeeded / 1 skipped
 ✗ Quality checks       3 succeeded / 2 skipped


1 assets failed
└── staging.trips
    └── Internal: Catalog Error: Table with name trips does not exist!
        Did you mean "ingestion.trips"?
        
        LINE 2: DELETE FROM staging.trips WHERE pickup_datetime BETWEEN '2022-01-01T00:00:00.000000Z'...
                                              ^

